#
# A fatal error has been detected by the Java Runtime Environment:
#
#  EXCEPTION_ACCESS_VIOLATION (0xc0000005) at pc=0x00007ffcd7dfb60f, pid=18640, tid=39164
#
# JRE version: OpenJDK Runtime Environment Temurin-21.0.6+7 (21.0.6+7) (build 21.0.6+7-LTS)
# Java VM: OpenJDK 64-Bit Server VM Temurin-21.0.6+7 (21.0.6+7-LTS, mixed mode, sharing, tiered, compressed oops, compressed class ptrs, parallel gc, windows-amd64)
# Problematic frame:
# V  [jvm.dll+0x24b60f]
#
# No core dump will be written. Minidumps are not enabled by default on client versions of Windows
#
# If you would like to submit a bug report, please visit:
#   https://github.com/adoptium/adoptium-support/issues
#

---------------  S U M M A R Y ------------

Command Line: --add-modules=ALL-SYSTEM --add-opens=java.base/java.util=ALL-UNNAMED --add-opens=java.base/java.lang=ALL-UNNAMED --add-opens=java.base/sun.nio.fs=ALL-UNNAMED -Declipse.application=org.eclipse.jdt.ls.core.id1 -Dosgi.bundles.defaultStartLevel=4 -Declipse.product=org.eclipse.jdt.ls.core.product -Djava.import.generatesMetadataFilesAtProjectRoot=false -DDetectVMInstallationsJob.disabled=true -Dfile.encoding=utf8 -XX:+UseParallelGC -XX:GCTimeRatio=4 -XX:AdaptiveSizePolicyWeight=90 -Dsun.zip.disableMemoryMapping=true -Xmx1G -Xms100m -Xlog:disable -javaagent:c:\Users\genna\.vscode\extensions\redhat.java-1.41.0-win32-x64\lombok\lombok-1.18.36.jar -XX:+HeapDumpOnOutOfMemoryError -XX:HeapDumpPath=c:\Users\genna\AppData\Roaming\Code\User\workspaceStorage\847631cda39ae9b7a7fedeaf749f527b\redhat.java -Daether.dependencyCollector.impl=bf c:\Users\genna\.vscode\extensions\redhat.java-1.41.0-win32-x64\server\plugins\org.eclipse.equinox.launcher_1.6.1100.v20250306-0509.jar -configuration c:\Users\genna\AppData\Roaming\Code\User\globalStorage\redhat.java\1.41.0\config_win -data c:\Users\genna\AppData\Roaming\Code\User\workspaceStorage\847631cda39ae9b7a7fedeaf749f527b\redhat.java\jdt_ws --pipe=\\.\pipe\lsp-deea7de3167f53f945b6f9f0ac62e485-sock

Host: 12th Gen Intel(R) Core(TM) i9-12900K, 24 cores, 31G,  Windows 11 , 64 bit Build 26100 (10.0.26100.3323)
Time: Wed Apr  2 11:43:04 2025 ora legale Europa occidentale elapsed time: 43.056129 seconds (0d 0h 0m 43s)

---------------  T H R E A D  ---------------

Current thread (0x0000020a7c2254f0):  JavaThread "C2 CompilerThread1" daemon [_thread_in_native, id=39164, stack(0x000000cd1f800000,0x000000cd1f900000) (1024K)]


Current CompileTask:
C2:43056 10301       4       org.eclipse.jdt.internal.core.search.JavaSearchParticipant::indexDocument (89 bytes)

Stack: [0x000000cd1f800000,0x000000cd1f900000],  sp=0x000000cd1f8fd5b0,  free space=1013k
Native frames: (J=compiled Java code, j=interpreted, Vv=VM code, C=native code)
V  [jvm.dll+0x24b60f]
V  [jvm.dll+0x6f38cc]
V  [jvm.dll+0x246cef]
V  [jvm.dll+0x1c75ee]
V  [jvm.dll+0x25685a]
V  [jvm.dll+0x254dfa]
V  [jvm.dll+0x3f0256]
V  [jvm.dll+0x851f8b]
V  [jvm.dll+0x6cc5ed]
C  [ucrtbase.dll+0x37b0]
C  [KERNEL32.DLL+0x2e8d7]
C  [ntdll.dll+0xbbf6c]


siginfo: EXCEPTION_ACCESS_VIOLATION (0xc0000005), reading address 0x0000000000000028


Registers:
RAX=0x0000000000000000, RBX=0x000000cd1f8fe2a0, RCX=0x0000000000000015, RDX=0x0000000000000012
RSP=0x000000cd1f8fd5b0, RBP=0x0000000000000000, RSI=0x0000020a4c27b0a8, RDI=0x000000cd1f8fe160
R8 =0x0000000000000002, R9 =0x0000000000000026, R10=0x0000020a4a39a280, R11=0x0000020a4a39a290
R12=0x0000000000000142, R13=0x0000020a49183d60, R14=0x000000cd1f8fe150, R15=0x0000020a49187e30
RIP=0x00007ffcd7dfb60f, EFLAGS=0x0000000000010293

XMM[0]=0x0000000000000000 0x0000000000000000
XMM[1]=0x0000000000000000 0x0000000000000000
XMM[2]=0x0000000000000000 0x0000000000000000
XMM[3]=0x0000000000000000 0x0000000000000000
XMM[4]=0x0000000000000000 0x0000000000000000
XMM[5]=0x0000000000000000 0x0000000000000000
XMM[6]=0x0000000000000000 0x0000000000000000
XMM[7]=0x0000000000000000 0x0000000000000000
XMM[8]=0x0000000000000000 0x0000000000000000
XMM[9]=0x0000000000000000 0x0000000000000000
XMM[10]=0x0000000000000000 0x0000000000000000
XMM[11]=0x0000000000000000 0x0000000000000000
XMM[12]=0x0000000000000000 0x0000000000000000
XMM[13]=0x0000000000000000 0x0000000000000000
XMM[14]=0x0000000000000000 0x0000000000000000
XMM[15]=0x0000000000000000 0x0000000000000000
  MXCSR=0x00001fa0


Register to memory mapping:

RAX=0x0 is null
RBX=0x000000cd1f8fe2a0 is pointing into the stack for thread: 0x0000020a7c2254f0
RCX=0x0000000000000015 is an unknown value
RDX=0x0000000000000012 is an unknown value
RSP=0x000000cd1f8fd5b0 is pointing into the stack for thread: 0x0000020a7c2254f0
RBP=0x0 is null
RSI=0x0000020a4c27b0a8 points into unknown readable memory: 0x00007ffcd8595e40 | 40 5e 59 d8 fc 7f 00 00
RDI=0x000000cd1f8fe160 is pointing into the stack for thread: 0x0000020a7c2254f0
R8 =0x0000000000000002 is an unknown value
R9 =0x0000000000000026 is an unknown value
R10=0x0000020a4a39a280 points into unknown readable memory: 0x0000020a4b676328 | 28 63 67 4b 0a 02 00 00
R11=0x0000020a4a39a290 points into unknown readable memory: 0x0000000000000000 | 00 00 00 00 00 00 00 00
R12=0x0000000000000142 is an unknown value
R13=0x0000020a49183d60 points into unknown readable memory: 0x000000cd1f8fe3d0 | d0 e3 8f 1f cd 00 00 00
R14=0x000000cd1f8fe150 is pointing into the stack for thread: 0x0000020a7c2254f0
R15=0x0000020a49187e30 points into unknown readable memory: 0x00007ffcd85ab4c8 | c8 b4 5a d8 fc 7f 00 00

Top of Stack: (sp=0x000000cd1f8fd5b0)
0x000000cd1f8fd5b0:   000000cd1f8fe2a0 0000020a4c27bea0
0x000000cd1f8fd5c0:   000000cd1f8fe2a0 00007ffcd82a65b2
0x000000cd1f8fd5d0:   0000020a49187e30 000000cd1f8fe150
0x000000cd1f8fd5e0:   0000020a642d4ca0 000000cd1f8fd7f0
0x000000cd1f8fd5f0:   000000cd1f8fe2a0 00007ffcd82a38cc
0x000000cd1f8fd600:   0000020a49183dd0 0000000000000000
0x000000cd1f8fd610:   0000020a49183d60 0000020a49183d60
0x000000cd1f8fd620:   0000000000000002 00007ffcd7df6cef
0x000000cd1f8fd630:   0000000000000000 000000cd1f8fd730
0x000000cd1f8fd640:   000000cd1f8fe2a0 0000000000000001
0x000000cd1f8fd650:   0000000000000000 0000000000000000
0x000000cd1f8fd660:   000000cd1f8fe2a0 0000000000000000
0x000000cd1f8fd670:   0000020a7c1fc700 0000000000000000
0x000000cd1f8fd680:   0000000000000000 0000000000000000
0x000000cd1f8fd690:   0000000000000000 0000000000000000
0x000000cd1f8fd6a0:   0000000000000000 00007ffcd85a027c
0x000000cd1f8fd6b0:   0000000000000000 0000000000000000
0x000000cd1f8fd6c0:   0000000000000000 00007ffcd85a027c
0x000000cd1f8fd6d0:   0000000000000000 0000000000000000
0x000000cd1f8fd6e0:   0000020a49823cd0 0000020a55e86a00
0x000000cd1f8fd6f0:   0000020a55e8b1d0 0000020a55e8e9e8
0x000000cd1f8fd700:   0000000000010388 0000000000000000
0x000000cd1f8fd710:   0000000000000000 0000000000000000
0x000000cd1f8fd720:   0000000000000000 0000000000000000
0x000000cd1f8fd730:   0000000000000000 0000000000000000
0x000000cd1f8fd740:   0000000000000000 0000000000000000
0x000000cd1f8fd750:   0000000000000000 0000000000000000
0x000000cd1f8fd760:   0000000000000000 00007ffcd85bee00
0x000000cd1f8fd770:   0000000000000000 0000000000000000
0x000000cd1f8fd780:   0000000000000000 0000000000000000
0x000000cd1f8fd790:   00007ffcd85e22e0 0000000000000001
0x000000cd1f8fd7a0:   000000cd1f8fe2a0 000000cd1f8ff060 

Instructions: (pc=0x00007ffcd7dfb60f)
0x00007ffcd7dfb50f:   75 7b 48 83 b9 10 03 00 00 00 74 71 41 8b 50 28
0x00007ffcd7dfb51f:   e8 cc 05 f8 ff 48 8b f0 48 85 c0 74 60 48 83 38
0x00007ffcd7dfb52f:   00 74 5a 8b 53 28 48 8b cf e8 b3 05 f8 ff 48 85
0x00007ffcd7dfb53f:   c0 74 2d 48 8b 00 48 85 c0 74 25 8b 53 28 4c 8d
0x00007ffcd7dfb54f:   44 24 40 48 8b cf 48 89 44 24 40 e8 61 75 00 00
0x00007ffcd7dfb55f:   48 8b 5c 24 30 48 8b 74 24 38 48 83 c4 20 5f c3
0x00007ffcd7dfb56f:   8b 53 28 4c 8b c6 48 8b cf 48 8b 5c 24 30 48 8b
0x00007ffcd7dfb57f:   74 24 38 48 83 c4 20 5f e9 34 75 00 00 48 8b 5c
0x00007ffcd7dfb58f:   24 30 32 c0 48 8b 74 24 38 48 83 c4 20 5f c3 cc
0x00007ffcd7dfb59f:   cc 48 89 5c 24 10 48 89 6c 24 18 56 57 41 55 41
0x00007ffcd7dfb5af:   56 41 57 48 83 ec 20 33 ed 4c 89 64 24 50 4d 8b
0x00007ffcd7dfb5bf:   e8 48 8b fa 48 8b d9 44 8b e5 39 6a 18 0f 86 00
0x00007ffcd7dfb5cf:   01 00 00 48 8b 47 10 41 8b cc 41 ff c4 48 8b 34
0x00007ffcd7dfb5df:   c8 8b 46 2c 83 e0 03 3c 03 75 09 48 8d 4e 48 e8
0x00007ffcd7dfb5ef:   4d 60 4d 00 44 8b 4e 20 44 8b c5 45 85 c9 7e 49
0x00007ffcd7dfb5ff:   90 4c 8b 56 10 41 8b c0 4d 8d 1c c2 49 8b 04 c2
0x00007ffcd7dfb60f:   8b 48 28 8b c1 c1 e8 05 3b 47 20 73 11 8b d0 83
0x00007ffcd7dfb61f:   e1 1f 48 8b 47 28 8b 04 90 0f a3 c8 72 13 ff 4e
0x00007ffcd7dfb62f:   20 41 ff c8 8b 46 20 41 ff c9 49 8b 04 c2 49 89
0x00007ffcd7dfb63f:   03 41 ff c0 45 3b c1 7c b8 83 7e 20 01 75 7a 48
0x00007ffcd7dfb64f:   8b ce e8 8a e0 45 00 84 c0 74 6e 48 8b 46 10 4c
0x00007ffcd7dfb65f:   8b 38 45 8b 77 28 41 8b f6 c1 ee 05 41 3b 75 20
0x00007ffcd7dfb66f:   72 0b 8b d6 49 8d 4d 20 e8 14 5b 64 00 49 8b 45
0x00007ffcd7dfb67f:   28 41 83 e6 1f 48 8d 14 b0 41 0f b6 ce 41 b8 01
0x00007ffcd7dfb68f:   00 00 00 41 d3 e0 8b 0a 8b c1 41 0b c0 89 02 41
0x00007ffcd7dfb69f:   85 c8 75 23 41 8b 75 18 8d 46 01 41 89 45 18 41
0x00007ffcd7dfb6af:   3b 75 08 72 0a 8b d6 49 8b cd e8 32 de 45 00 49
0x00007ffcd7dfb6bf:   8b 45 10 4c 89 3c f0 33 ed 44 3b 67 18 0f 82 00
0x00007ffcd7dfb6cf:   ff ff ff 44 8b 83 a0 01 00 00 41 83 e8 01 4d 63
0x00007ffcd7dfb6df:   c8 78 5e 0f 1f 40 00 66 66 0f 1f 84 00 00 00 00
0x00007ffcd7dfb6ef:   00 4c 8b 93 a8 01 00 00 4b 8b 04 ca 8b 48 28 8b
0x00007ffcd7dfb6ff:   c1 c1 e8 05 3b 47 20 73 11 8b d0 83 e1 1f 48 8b 


Stack slot to memory mapping:

stack at sp + 0 slots: 0x000000cd1f8fe2a0 is pointing into the stack for thread: 0x0000020a7c2254f0
stack at sp + 1 slots: 0x0000020a4c27bea0 points into unknown readable memory: 0x00007ffcd8596320 | 20 63 59 d8 fc 7f 00 00
stack at sp + 2 slots: 0x000000cd1f8fe2a0 is pointing into the stack for thread: 0x0000020a7c2254f0
stack at sp + 3 slots: 0x00007ffcd82a65b2 jvm.dll
stack at sp + 4 slots: 0x0000020a49187e30 points into unknown readable memory: 0x00007ffcd85ab4c8 | c8 b4 5a d8 fc 7f 00 00
stack at sp + 5 slots: 0x000000cd1f8fe150 is pointing into the stack for thread: 0x0000020a7c2254f0
stack at sp + 6 slots: 0x0000020a642d4ca0 points into unknown readable memory: 0x0000000000000000 | 00 00 00 00 00 00 00 00
stack at sp + 7 slots: 0x000000cd1f8fd7f0 is pointing into the stack for thread: 0x0000020a7c2254f0


---------------  P R O C E S S  ---------------

Threads class SMR info:
_java_thread_list=0x0000020a47d2f0d0, length=75, elements={
0x0000020a642e9dd0, 0x0000020a7abfd840, 0x0000020a7abfe650, 0x0000020a668bc670,
0x0000020a668bf200, 0x0000020a668c0bf0, 0x0000020a668c63f0, 0x0000020a7c1b3010,
0x0000020a7c1b3e00, 0x0000020a7c280da0, 0x0000020a7eb03b60, 0x0000020a45059130,
0x0000020a7f0e0d60, 0x0000020a45010090, 0x0000020a450113c0, 0x0000020a456fdfb0,
0x0000020a7c2302a0, 0x0000020a45135a60, 0x0000020a451353d0, 0x0000020a45136780,
0x0000020a45137b30, 0x0000020a45138850, 0x0000020a451360f0, 0x0000020a451374a0,
0x0000020a47174190, 0x0000020a47172750, 0x0000020a47173b00, 0x0000020a471713a0,
0x0000020a47173470, 0x0000020a47171a30, 0x0000020a47170d10, 0x0000020a47175540,
0x0000020a47172de0, 0x0000020a47174820, 0x0000020a47174eb0, 0x0000020a471720c0,
0x0000020a47175bd0, 0x0000020a47176260, 0x0000020a47176f80, 0x0000020a471768f0,
0x0000020a47177ca0, 0x0000020a47178330, 0x0000020a47177610, 0x0000020a46cd4720,
0x0000020a46cd4090, 0x0000020a46cd6160, 0x0000020a46cd5440, 0x0000020a46cd3a00,
0x0000020a46cd5ad0, 0x0000020a46cd4db0, 0x0000020a46cd2ce0, 0x0000020a46cd67f0,
0x0000020a46cd3370, 0x0000020a46cda300, 0x0000020a46cd7ba0, 0x0000020a46cd7510,
0x0000020a46cd9c70, 0x0000020a46cd8f50, 0x0000020a45136e10, 0x0000020a48a711f0,
0x0000020a48a6fe40, 0x0000020a48a704d0, 0x0000020a7c224080, 0x0000020a48a71880,
0x0000020a48a6f120, 0x0000020a48a71f10, 0x0000020a7c222c10, 0x0000020a7c2232e0,
0x0000020a7c2254f0, 0x0000020a7c221e70, 0x0000020a4640ee50, 0x0000020a4640f520,
0x0000020a4640d9e0, 0x0000020a4640d310, 0x0000020a4640fbf0
}

Java Threads: ( => current thread )
  0x0000020a642e9dd0 JavaThread "main"                              [_thread_blocked, id=26704, stack(0x000000cd1a400000,0x000000cd1a500000) (1024K)]
  0x0000020a7abfd840 JavaThread "Reference Handler"          daemon [_thread_blocked, id=4392, stack(0x000000cd1a800000,0x000000cd1a900000) (1024K)]
  0x0000020a7abfe650 JavaThread "Finalizer"                  daemon [_thread_blocked, id=18132, stack(0x000000cd1a900000,0x000000cd1aa00000) (1024K)]
  0x0000020a668bc670 JavaThread "Signal Dispatcher"          daemon [_thread_blocked, id=5736, stack(0x000000cd1aa00000,0x000000cd1ab00000) (1024K)]
  0x0000020a668bf200 JavaThread "Attach Listener"            daemon [_thread_blocked, id=10184, stack(0x000000cd1ab00000,0x000000cd1ac00000) (1024K)]
  0x0000020a668c0bf0 JavaThread "Service Thread"             daemon [_thread_blocked, id=23036, stack(0x000000cd1ac00000,0x000000cd1ad00000) (1024K)]
  0x0000020a668c63f0 JavaThread "Monitor Deflation Thread"   daemon [_thread_blocked, id=27024, stack(0x000000cd1ad00000,0x000000cd1ae00000) (1024K)]
  0x0000020a7c1b3010 JavaThread "C2 CompilerThread0"         daemon [_thread_in_native, id=35972, stack(0x000000cd1ae00000,0x000000cd1af00000) (1024K)]
  0x0000020a7c1b3e00 JavaThread "C1 CompilerThread0"         daemon [_thread_blocked, id=26796, stack(0x000000cd1af00000,0x000000cd1b000000) (1024K)]
  0x0000020a7c280da0 JavaThread "Common-Cleaner"             daemon [_thread_blocked, id=10108, stack(0x000000cd1b100000,0x000000cd1b200000) (1024K)]
  0x0000020a7eb03b60 JavaThread "Notification Thread"        daemon [_thread_blocked, id=5004, stack(0x000000cd1b600000,0x000000cd1b700000) (1024K)]
  0x0000020a45059130 JavaThread "Active Thread: Equinox Container: 7437cb9a-362f-4bfa-aefa-19b6791d6253"        [_thread_blocked, id=29524, stack(0x000000cd1be00000,0x000000cd1bf00000) (1024K)]
  0x0000020a7f0e0d60 JavaThread "Refresh Thread: Equinox Container: 7437cb9a-362f-4bfa-aefa-19b6791d6253" daemon [_thread_blocked, id=16316, stack(0x000000cd1bc00000,0x000000cd1bd00000) (1024K)]
  0x0000020a45010090 JavaThread "Framework Event Dispatcher: Equinox Container: 7437cb9a-362f-4bfa-aefa-19b6791d6253" daemon [_thread_blocked, id=24468, stack(0x000000cd1bd00000,0x000000cd1be00000) (1024K)]
  0x0000020a450113c0 JavaThread "Start Level: Equinox Container: 7437cb9a-362f-4bfa-aefa-19b6791d6253" daemon [_thread_blocked, id=5128, stack(0x000000cd1bf00000,0x000000cd1c000000) (1024K)]
  0x0000020a456fdfb0 JavaThread "Bundle File Closer"         daemon [_thread_blocked, id=5672, stack(0x000000cd1c100000,0x000000cd1c200000) (1024K)]
  0x0000020a7c2302a0 JavaThread "SCR Component Actor"        daemon [_thread_blocked, id=25176, stack(0x000000cd1b000000,0x000000cd1b100000) (1024K)]
  0x0000020a45135a60 JavaThread "Worker-JM"                         [_thread_blocked, id=12348, stack(0x000000cd1c800000,0x000000cd1c900000) (1024K)]
  0x0000020a451353d0 JavaThread "Worker-0"                          [_thread_blocked, id=35820, stack(0x000000cd1c900000,0x000000cd1ca00000) (1024K)]
  0x0000020a45136780 JavaThread "Worker-1: Initialize Workspace"        [_thread_in_native, id=38828, stack(0x000000cd1cc00000,0x000000cd1cd00000) (1024K)]
  0x0000020a45137b30 JavaThread "Java indexing"              daemon [_thread_in_Java, id=14924, stack(0x000000cd1d200000,0x000000cd1d300000) (1024K)]
  0x0000020a45138850 JavaThread "JNA Cleaner"                daemon [_thread_blocked, id=18628, stack(0x000000cd1d400000,0x000000cd1d500000) (1024K)]
  0x0000020a451360f0 JavaThread "Worker-2"                          [_thread_blocked, id=16432, stack(0x000000cd1d700000,0x000000cd1d800000) (1024K)]
  0x0000020a451374a0 JavaThread "Worker-3"                          [_thread_blocked, id=33176, stack(0x000000cd1d800000,0x000000cd1d900000) (1024K)]
  0x0000020a47174190 JavaThread "Thread-2"                   daemon [_thread_in_native, id=39696, stack(0x000000cd1d900000,0x000000cd1da00000) (1024K)]
  0x0000020a47172750 JavaThread "Thread-3"                   daemon [_thread_in_native, id=30364, stack(0x000000cd1da00000,0x000000cd1db00000) (1024K)]
  0x0000020a47173b00 JavaThread "Thread-4"                   daemon [_thread_in_native, id=32104, stack(0x000000cd1db00000,0x000000cd1dc00000) (1024K)]
  0x0000020a471713a0 JavaThread "Thread-5"                   daemon [_thread_in_native, id=16992, stack(0x000000cd1dc00000,0x000000cd1dd00000) (1024K)]
  0x0000020a47173470 JavaThread "Thread-6"                   daemon [_thread_in_native, id=15600, stack(0x000000cd1dd00000,0x000000cd1de00000) (1024K)]
  0x0000020a47171a30 JavaThread "Thread-7"                   daemon [_thread_in_native, id=13552, stack(0x000000cd1de00000,0x000000cd1df00000) (1024K)]
  0x0000020a47170d10 JavaThread "Thread-8"                   daemon [_thread_in_native, id=36816, stack(0x000000cd1df00000,0x000000cd1e000000) (1024K)]
  0x0000020a47175540 JavaThread "Thread-9"                   daemon [_thread_in_native, id=23068, stack(0x000000cd1e000000,0x000000cd1e100000) (1024K)]
  0x0000020a47172de0 JavaThread "Thread-10"                  daemon [_thread_in_native, id=10716, stack(0x000000cd1e100000,0x000000cd1e200000) (1024K)]
  0x0000020a47174820 JavaThread "Thread-11"                  daemon [_thread_in_native, id=33136, stack(0x000000cd1e200000,0x000000cd1e300000) (1024K)]
  0x0000020a47174eb0 JavaThread "Thread-12"                  daemon [_thread_in_native, id=16988, stack(0x000000cd1e300000,0x000000cd1e400000) (1024K)]
  0x0000020a471720c0 JavaThread "Thread-13"                  daemon [_thread_in_native, id=14724, stack(0x000000cd1e400000,0x000000cd1e500000) (1024K)]
  0x0000020a47175bd0 JavaThread "Thread-14"                  daemon [_thread_in_native, id=17260, stack(0x000000cd1e500000,0x000000cd1e600000) (1024K)]
  0x0000020a47176260 JavaThread "Thread-15"                  daemon [_thread_in_native, id=6684, stack(0x000000cd1e600000,0x000000cd1e700000) (1024K)]
  0x0000020a47176f80 JavaThread "Thread-16"                  daemon [_thread_in_native, id=31528, stack(0x000000cd1e700000,0x000000cd1e800000) (1024K)]
  0x0000020a471768f0 JavaThread "Thread-17"                  daemon [_thread_in_native, id=22924, stack(0x000000cd1e800000,0x000000cd1e900000) (1024K)]
  0x0000020a47177ca0 JavaThread "Thread-18"                  daemon [_thread_in_native, id=30748, stack(0x000000cd1e900000,0x000000cd1ea00000) (1024K)]
  0x0000020a47178330 JavaThread "Thread-19"                  daemon [_thread_in_native, id=34496, stack(0x000000cd1ea00000,0x000000cd1eb00000) (1024K)]
  0x0000020a47177610 JavaThread "Thread-20"                  daemon [_thread_in_native, id=18236, stack(0x000000cd1eb00000,0x000000cd1ec00000) (1024K)]
  0x0000020a46cd4720 JavaThread "Thread-21"                  daemon [_thread_in_native, id=12420, stack(0x000000cd1ec00000,0x000000cd1ed00000) (1024K)]
  0x0000020a46cd4090 JavaThread "Thread-22"                  daemon [_thread_in_native, id=11664, stack(0x000000cd1ed00000,0x000000cd1ee00000) (1024K)]
  0x0000020a46cd6160 JavaThread "Thread-23"                  daemon [_thread_in_native, id=37096, stack(0x000000cd1ee00000,0x000000cd1ef00000) (1024K)]
  0x0000020a46cd5440 JavaThread "Thread-24"                  daemon [_thread_in_native, id=964, stack(0x000000cd1ef00000,0x000000cd1f000000) (1024K)]
  0x0000020a46cd3a00 JavaThread "Thread-25"                  daemon [_thread_in_native, id=10260, stack(0x000000cd1f000000,0x000000cd1f100000) (1024K)]
  0x0000020a46cd5ad0 JavaThread "Thread-26"                  daemon [_thread_in_native, id=704, stack(0x000000cd1f100000,0x000000cd1f200000) (1024K)]
  0x0000020a46cd4db0 JavaThread "pool-2-thread-1"                   [_thread_blocked, id=8784, stack(0x000000cd1f200000,0x000000cd1f300000) (1024K)]
  0x0000020a46cd2ce0 JavaThread "WorkspaceEventsHandler"            [_thread_blocked, id=37800, stack(0x000000cd1f400000,0x000000cd1f500000) (1024K)]
  0x0000020a46cd67f0 JavaThread "pool-1-thread-1"                   [_thread_blocked, id=15028, stack(0x000000cd1f500000,0x000000cd1f600000) (1024K)]
  0x0000020a46cd3370 JavaThread "Worker-4: Java indexing... "        [_thread_blocked, id=24204, stack(0x000000cd1fa00000,0x000000cd1fb00000) (1024K)]
  0x0000020a46cda300 JavaThread "Worker-5"                          [_thread_blocked, id=36180, stack(0x000000cd1fb00000,0x000000cd1fc00000) (1024K)]
  0x0000020a46cd7ba0 JavaThread "Timer-0"                           [_thread_blocked, id=17468, stack(0x000000cd1cf00000,0x000000cd1d000000) (1024K)]
  0x0000020a46cd7510 JavaThread "Timer-1"                           [_thread_blocked, id=22100, stack(0x000000cd1b500000,0x000000cd1b600000) (1024K)]
  0x0000020a46cd9c70 JavaThread "Timer-2"                           [_thread_blocked, id=31960, stack(0x000000cd1c400000,0x000000cd1c500000) (1024K)]
  0x0000020a46cd8f50 JavaThread "Timer-3"                           [_thread_blocked, id=36876, stack(0x000000cd1cd00000,0x000000cd1ce00000) (1024K)]
  0x0000020a45136e10 JavaThread "Timer-4"                           [_thread_blocked, id=33884, stack(0x000000cd1d300000,0x000000cd1d400000) (1024K)]
  0x0000020a48a711f0 JavaThread "Exec process"                      [_thread_blocked, id=20464, stack(0x000000cd1fe00000,0x000000cd1ff00000) (1024K)]
  0x0000020a48a6fe40 JavaThread "Exec process Thread 2"             [_thread_blocked, id=35176, stack(0x000000cd1ff00000,0x000000cd20000000) (1024K)]
  0x0000020a48a704d0 JavaThread "Exec process Thread 3"             [_thread_blocked, id=37160, stack(0x000000cd20000000,0x000000cd20100000) (1024K)]
  0x0000020a7c224080 JavaThread "C1 CompilerThread1"         daemon [_thread_blocked, id=22756, stack(0x000000cd1b200000,0x000000cd1b300000) (1024K)]
  0x0000020a48a71880 JavaThread "Timer-5"                           [_thread_blocked, id=39992, stack(0x000000cd1f600000,0x000000cd1f700000) (1024K)]
  0x0000020a48a6f120 JavaThread "Timer-6"                           [_thread_blocked, id=40104, stack(0x000000cd1fd00000,0x000000cd1fe00000) (1024K)]
  0x0000020a48a71f10 JavaThread "Timer-7"                           [_thread_blocked, id=39948, stack(0x000000cd20100000,0x000000cd20200000) (1024K)]
  0x0000020a7c222c10 JavaThread "C1 CompilerThread2"         daemon [_thread_blocked, id=34536, stack(0x000000cd1c500000,0x000000cd1c600000) (1024K)]
  0x0000020a7c2232e0 JavaThread "C1 CompilerThread3"         daemon [_thread_blocked, id=40448, stack(0x000000cd1f700000,0x000000cd1f800000) (1024K)]
=>0x0000020a7c2254f0 JavaThread "C2 CompilerThread1"         daemon [_thread_in_native, id=39164, stack(0x000000cd1f800000,0x000000cd1f900000) (1024K)]
  0x0000020a7c221e70 JavaThread "C2 CompilerThread2"         daemon [_thread_in_native, id=40852, stack(0x000000cd1f900000,0x000000cd1fa00000) (1024K)]
  0x0000020a4640ee50 JavaThread "C2 CompilerThread3"         daemon [_thread_in_native, id=40432, stack(0x000000cd1fc00000,0x000000cd1fd00000) (1024K)]
  0x0000020a4640f520 JavaThread "C2 CompilerThread4"         daemon [_thread_blocked, id=15556, stack(0x000000cd20400000,0x000000cd20500000) (1024K)]
  0x0000020a4640d9e0 JavaThread "C2 CompilerThread5"         daemon [_thread_in_native, id=40352, stack(0x000000cd20500000,0x000000cd20600000) (1024K)]
  0x0000020a4640d310 JavaThread "C2 CompilerThread6"         daemon [_thread_in_native, id=14380, stack(0x000000cd20600000,0x000000cd20700000) (1024K)]
  0x0000020a4640fbf0 JavaThread "C2 CompilerThread7"         daemon [_thread_in_native, id=40220, stack(0x000000cd20700000,0x000000cd20800000) (1024K)]
Total: 75

Other Threads:
  0x0000020a7c189a80 VMThread "VM Thread"                           [id=39712, stack(0x000000cd1a700000,0x000000cd1a800000) (1024K)]
  0x0000020a7aadca10 WatcherThread "VM Periodic Task Thread"        [id=37692, stack(0x000000cd1a600000,0x000000cd1a700000) (1024K)]
  0x0000020a6682c790 WorkerThread "GC Thread#0"                     [id=39576, stack(0x000000cd1a500000,0x000000cd1a600000) (1024K)]
  0x0000020a45108460 WorkerThread "GC Thread#1"                     [id=12284, stack(0x000000cd1b700000,0x000000cd1b800000) (1024K)]
  0x0000020a4510c8f0 WorkerThread "GC Thread#2"                     [id=25344, stack(0x000000cd1b800000,0x000000cd1b900000) (1024K)]
  0x0000020a4510cc90 WorkerThread "GC Thread#3"                     [id=13708, stack(0x000000cd1b900000,0x000000cd1ba00000) (1024K)]
  0x0000020a4510d030 WorkerThread "GC Thread#4"                     [id=36604, stack(0x000000cd1ba00000,0x000000cd1bb00000) (1024K)]
  0x0000020a4548fb10 WorkerThread "GC Thread#5"                     [id=18448, stack(0x000000cd1bb00000,0x000000cd1bc00000) (1024K)]
  0x0000020a4501bc30 WorkerThread "GC Thread#6"                     [id=28516, stack(0x000000cd1b300000,0x000000cd1b400000) (1024K)]
  0x0000020a45556480 WorkerThread "GC Thread#7"                     [id=11544, stack(0x000000cd1b400000,0x000000cd1b500000) (1024K)]
  0x0000020a45420470 WorkerThread "GC Thread#8"                     [id=39084, stack(0x000000cd1c000000,0x000000cd1c100000) (1024K)]
  0x0000020a45666940 WorkerThread "GC Thread#9"                     [id=34896, stack(0x000000cd1c200000,0x000000cd1c300000) (1024K)]
  0x0000020a45667b60 WorkerThread "GC Thread#10"                    [id=35304, stack(0x000000cd1c300000,0x000000cd1c400000) (1024K)]
  0x0000020a45667f00 WorkerThread "GC Thread#11"                    [id=11256, stack(0x000000cd1c600000,0x000000cd1c700000) (1024K)]
  0x0000020a456677c0 WorkerThread "GC Thread#12"                    [id=39640, stack(0x000000cd1c700000,0x000000cd1c800000) (1024K)]
  0x0000020a45667420 WorkerThread "GC Thread#13"                    [id=4176, stack(0x000000cd1ca00000,0x000000cd1cb00000) (1024K)]
  0x0000020a456665a0 WorkerThread "GC Thread#14"                    [id=28500, stack(0x000000cd1cb00000,0x000000cd1cc00000) (1024K)]
  0x0000020a4657c550 WorkerThread "GC Thread#15"                    [id=20040, stack(0x000000cd1ce00000,0x000000cd1cf00000) (1024K)]
  0x0000020a4657af90 WorkerThread "GC Thread#16"                    [id=9252, stack(0x000000cd1d000000,0x000000cd1d100000) (1024K)]
  0x0000020a4657c1b0 WorkerThread "GC Thread#17"                    [id=37240, stack(0x000000cd1d100000,0x000000cd1d200000) (1024K)]
Total: 20

Threads with active compile tasks:
C2 CompilerThread0  43093 10290   !   4       org.eclipse.jdt.internal.core.search.indexing.AddJrtToIndex$JrtIndexer::visitFile (133 bytes)
C2 CompilerThread1  43093 10301       4       org.eclipse.jdt.internal.core.search.JavaSearchParticipant::indexDocument (89 bytes)
C2 CompilerThread2  43093 10308       4       org.eclipse.jdt.internal.core.search.indexing.AbstractIndexer::addTypeDeclaration (109 bytes)
C2 CompilerThread3  43094 10319   !   4       org.eclipse.jdt.internal.compiler.classfmt.AnnotationInfo::decodeAnnotation (305 bytes)
C2 CompilerThread5  43094 10208   !   4       org.eclipse.jdt.internal.compiler.classfmt.ClassFileReader::<init> (2135 bytes)
C2 CompilerThread6  43094 10287       4       org.eclipse.jdt.internal.compiler.util.JrtFileSystem$2::visitFile (72 bytes)
C2 CompilerThread7  43094 10286       4       org.eclipse.jdt.internal.compiler.util.JrtFileSystem$2::visitFile (10 bytes)
Total: 7

VM state: not at safepoint (normal execution)

VM Mutex/Monitor currently owned by a thread: None

Heap address: 0x00000000c0000000, size: 1024 MB, Compressed Oops mode: 32-bit

CDS archive(s) mapped at: [0x0000020a00000000-0x0000020a00ba0000-0x0000020a00ba0000), size 12189696, SharedBaseAddress: 0x0000020a00000000, ArchiveRelocationMode: 1.
Compressed class space mapped at: 0x0000020a01000000-0x0000020a41000000, reserved size: 1073741824
Narrow klass base: 0x0000020a00000000, Narrow klass shift: 0, Narrow klass range: 0x100000000

GC Precious Log:
 CardTable entry size: 512
 CPUs: 24 total, 24 available
 Memory: 32474M
 Large Page Support: Disabled
 NUMA Support: Disabled
 Compressed Oops: Enabled (32-bit)
 Alignments: Space 512K, Generation 512K, Heap 2M
 Heap Min Capacity: 100M
 Heap Initial Capacity: 100M
 Heap Max Capacity: 1G
 Pre-touch: Disabled
 Parallel Workers: 18

Heap:
 PSYoungGen      total 10752K, used 6078K [0x00000000eab00000, 0x00000000eb880000, 0x0000000100000000)
  eden space 8704K, 46% used [0x00000000eab00000,0x00000000eaeefbb0,0x00000000eb380000)
  from space 2048K, 99% used [0x00000000eb480000,0x00000000eb67fe08,0x00000000eb680000)
  to   space 2048K, 0% used [0x00000000eb680000,0x00000000eb680000,0x00000000eb880000)
 ParOldGen       total 141824K, used 141628K [0x00000000c0000000, 0x00000000c8a80000, 0x00000000eab00000)
  object space 141824K, 99% used [0x00000000c0000000,0x00000000c8a4f218,0x00000000c8a80000)
 Metaspace       used 72388K, committed 73920K, reserved 1114112K
  class space    used 8772K, committed 9472K, reserved 1048576K

Card table byte_map: [0x0000020a661b0000,0x0000020a663c0000] _byte_map_base: 0x0000020a65bb0000

Marking Bits: (ParMarkBitMap*) 0x00007ffcd8863260
 Begin Bits: [0x0000020a78a00000, 0x0000020a79a00000)
 End Bits:   [0x0000020a79a00000, 0x0000020a7aa00000)

Polling page: 0x0000020a64270000

Metaspace:

Usage:
  Non-class:     62.12 MB used.
      Class:      8.57 MB used.
       Both:     70.69 MB used.

Virtual space:
  Non-class space:       64.00 MB reserved,      62.94 MB ( 98%) committed,  1 nodes.
      Class space:        1.00 GB reserved,       9.25 MB ( <1%) committed,  1 nodes.
             Both:        1.06 GB reserved,      72.19 MB (  7%) committed. 

Chunk freelists:
   Non-Class:  656.00 KB
       Class:  6.66 MB
        Both:  7.30 MB

MaxMetaspaceSize: unlimited
CompressedClassSpaceSize: 1.00 GB
Initial GC threshold: 21.00 MB
Current GC threshold: 97.31 MB
CDS: on
 - commit_granule_bytes: 65536.
 - commit_granule_words: 8192.
 - virtual_space_node_default_size: 8388608.
 - enlarge_chunks_in_place: 1.
 - use_allocation_guard: 0.


Internal statistics:

num_allocs_failed_limit: 9.
num_arena_births: 1388.
num_arena_deaths: 14.
num_vsnodes_births: 2.
num_vsnodes_deaths: 0.
num_space_committed: 1155.
num_space_uncommitted: 0.
num_chunks_returned_to_freelist: 23.
num_chunks_taken_from_freelist: 4444.
num_chunk_merges: 11.
num_chunk_splits: 2832.
num_chunks_enlarged: 1741.
num_inconsistent_stats: 0.

CodeHeap 'non-profiled nmethods': size=119168Kb used=7680Kb max_used=7680Kb free=111487Kb
 bounds [0x0000020a715a0000, 0x0000020a71d30000, 0x0000020a78a00000]
CodeHeap 'profiled nmethods': size=119104Kb used=19938Kb max_used=19938Kb free=99165Kb
 bounds [0x0000020a69a00000, 0x0000020a6ad80000, 0x0000020a70e50000]
CodeHeap 'non-nmethods': size=7488Kb used=3147Kb max_used=3249Kb free=4340Kb
 bounds [0x0000020a70e50000, 0x0000020a71180000, 0x0000020a715a0000]
 total_blobs=10280 nmethods=9510 adapters=673
 compilation: enabled
              stopped_count=0, restarted_count=0
 full_count=0

Compilation events (20 events):
Event: 43.009 Thread 0x0000020a7c1b3e00 nmethod 10306 0x0000020a6ad72c10 code [0x0000020a6ad72dc0, 0x0000020a6ad72f90]
Event: 43.011 Thread 0x0000020a7c1b3010 10290   !   4       org.eclipse.jdt.internal.core.search.indexing.AddJrtToIndex$JrtIndexer::visitFile (133 bytes)
Event: 43.025 Thread 0x0000020a4640ee50 nmethod 10293 0x0000020a71d02590 code [0x0000020a71d028a0, 0x0000020a71d03ec0]
Event: 43.025 Thread 0x0000020a4640ee50 10307       4       jdk.internal.misc.Unsafe::copyMemoryChecks (21 bytes)
Event: 43.027 Thread 0x0000020a4640ee50 nmethod 10307 0x0000020a71d04f10 code [0x0000020a71d050c0, 0x0000020a71d05368]
Event: 43.027 Thread 0x0000020a4640ee50 10291       4       org.eclipse.jdt.internal.compiler.util.JRTUtil::sanitizedFileName (49 bytes)
Event: 43.029 Thread 0x0000020a7c2254f0 nmethod 10288 0x0000020a71d05610 code [0x0000020a71d05900, 0x0000020a71d06ec8]
Event: 43.030 Thread 0x0000020a7c2254f0 10294   !   4       org.eclipse.jdt.internal.core.search.indexing.BinaryContainer::isValidPackageNameForClassOrisModule (158 bytes)
Event: 43.031 Thread 0x0000020a4640f520 nmethod 10279 0x0000020a71d07e90 code [0x0000020a71d082c0, 0x0000020a71d0a630]
Event: 43.031 Thread 0x0000020a4640f520 10295   !   4       org.eclipse.jdt.internal.compiler.util.JRTUtil::getJrtSystem (72 bytes)
Event: 43.035 Thread 0x0000020a7c221e70 nmethod 10289 0x0000020a71d0c410 code [0x0000020a71d0c700, 0x0000020a71d0dcc8]
Event: 43.037 Thread 0x0000020a4640ee50 nmethod 10291 0x0000020a71d0ec90 code [0x0000020a71d0eea0, 0x0000020a71d0f778]
Event: 43.037 Thread 0x0000020a7c221e70 10298   !   4       org.eclipse.jdt.internal.compiler.util.Jdk::<init> (46 bytes)
Event: 43.038 Thread 0x0000020a4640ee50 10299       4       org.eclipse.jdt.internal.compiler.util.Jdk::toJdkHome (46 bytes)
Event: 43.043 Thread 0x0000020a7c2254f0 nmethod 10294 0x0000020a71d0fe90 code [0x0000020a71d100e0, 0x0000020a71d10ec0]
Event: 43.043 Thread 0x0000020a7c2254f0 10300       4       jdk.internal.jrtfs.JrtFileSystem::getPath (7 bytes)
Event: 43.044 Thread 0x0000020a7c2254f0 nmethod 10300 0x0000020a71d11710 code [0x0000020a71d118a0, 0x0000020a71d11950]
Event: 43.044 Thread 0x0000020a7c2254f0 10297       4       org.eclipse.jdt.internal.compiler.util.JrtFileSystem::getClassfileContent (71 bytes)
Event: 43.048 Thread 0x0000020a7c2254f0 nmethod 10297 0x0000020a71d11a10 code [0x0000020a71d11c40, 0x0000020a71d12120]
Event: 43.049 Thread 0x0000020a7c2254f0 10301       4       org.eclipse.jdt.internal.core.search.JavaSearchParticipant::indexDocument (89 bytes)

GC Heap History (20 events):
Event: 42.814 GC heap before
{Heap before GC invocations=67 (full 3):
 PSYoungGen      total 14336K, used 13937K [0x00000000eab00000, 0x00000000ebc00000, 0x0000000100000000)
  eden space 11264K, 100% used [0x00000000eab00000,0x00000000eb600000,0x00000000eb600000)
  from space 3072K, 87% used [0x00000000eb600000,0x00000000eb89c610,0x00000000eb900000)
  to   space 3072K, 0% used [0x00000000eb900000,0x00000000eb900000,0x00000000ebc00000)
 ParOldGen       total 111616K, used 111256K [0x00000000c0000000, 0x00000000c6d00000, 0x00000000eab00000)
  object space 111616K, 99% used [0x00000000c0000000,0x00000000c6ca60c0,0x00000000c6d00000)
 Metaspace       used 72383K, committed 73920K, reserved 1114112K
  class space    used 8772K, committed 9472K, reserved 1048576K
}
Event: 42.815 GC heap after
{Heap after GC invocations=67 (full 3):
 PSYoungGen      total 14336K, used 2735K [0x00000000eab00000, 0x00000000ebc00000, 0x0000000100000000)
  eden space 11264K, 0% used [0x00000000eab00000,0x00000000eab00000,0x00000000eb600000)
  from space 3072K, 89% used [0x00000000eb900000,0x00000000ebbabea0,0x00000000ebc00000)
  to   space 3072K, 0% used [0x00000000eb600000,0x00000000eb600000,0x00000000eb900000)
 ParOldGen       total 114176K, used 113676K [0x00000000c0000000, 0x00000000c6f80000, 0x00000000eab00000)
  object space 114176K, 99% used [0x00000000c0000000,0x00000000c6f03190,0x00000000c6f80000)
 Metaspace       used 72383K, committed 73920K, reserved 1114112K
  class space    used 8772K, committed 9472K, reserved 1048576K
}
Event: 42.836 GC heap before
{Heap before GC invocations=68 (full 3):
 PSYoungGen      total 14336K, used 13999K [0x00000000eab00000, 0x00000000ebc00000, 0x0000000100000000)
  eden space 11264K, 100% used [0x00000000eab00000,0x00000000eb600000,0x00000000eb600000)
  from space 3072K, 89% used [0x00000000eb900000,0x00000000ebbabea0,0x00000000ebc00000)
  to   space 3072K, 0% used [0x00000000eb600000,0x00000000eb600000,0x00000000eb900000)
 ParOldGen       total 114176K, used 113676K [0x00000000c0000000, 0x00000000c6f80000, 0x00000000eab00000)
  object space 114176K, 99% used [0x00000000c0000000,0x00000000c6f03190,0x00000000c6f80000)
 Metaspace       used 72383K, committed 73920K, reserved 1114112K
  class space    used 8772K, committed 9472K, reserved 1048576K
}
Event: 42.837 GC heap after
{Heap after GC invocations=68 (full 3):
 PSYoungGen      total 14336K, used 3051K [0x00000000eab00000, 0x00000000ec200000, 0x0000000100000000)
  eden space 11264K, 0% used [0x00000000eab00000,0x00000000eab00000,0x00000000eb600000)
  from space 3072K, 99% used [0x00000000eb600000,0x00000000eb8fae20,0x00000000eb900000)
  to   space 6144K, 0% used [0x00000000ebc00000,0x00000000ebc00000,0x00000000ec200000)
 ParOldGen       total 116224K, used 116151K [0x00000000c0000000, 0x00000000c7180000, 0x00000000eab00000)
  object space 116224K, 99% used [0x00000000c0000000,0x00000000c716dd60,0x00000000c7180000)
 Metaspace       used 72383K, committed 73920K, reserved 1114112K
  class space    used 8772K, committed 9472K, reserved 1048576K
}
Event: 42.864 GC heap before
{Heap before GC invocations=69 (full 3):
 PSYoungGen      total 14336K, used 14315K [0x00000000eab00000, 0x00000000ec200000, 0x0000000100000000)
  eden space 11264K, 100% used [0x00000000eab00000,0x00000000eb600000,0x00000000eb600000)
  from space 3072K, 99% used [0x00000000eb600000,0x00000000eb8fae20,0x00000000eb900000)
  to   space 6144K, 0% used [0x00000000ebc00000,0x00000000ebc00000,0x00000000ec200000)
 ParOldGen       total 116224K, used 116151K [0x00000000c0000000, 0x00000000c7180000, 0x00000000eab00000)
  object space 116224K, 99% used [0x00000000c0000000,0x00000000c716dd60,0x00000000c7180000)
 Metaspace       used 72383K, committed 73920K, reserved 1114112K
  class space    used 8772K, committed 9472K, reserved 1048576K
}
Event: 42.865 GC heap after
{Heap after GC invocations=69 (full 3):
 PSYoungGen      total 14336K, used 2786K [0x00000000eab00000, 0x00000000ebf00000, 0x0000000100000000)
  eden space 11264K, 0% used [0x00000000eab00000,0x00000000eab00000,0x00000000eb600000)
  from space 3072K, 90% used [0x00000000ebc00000,0x00000000ebeb89f8,0x00000000ebf00000)
  to   space 4096K, 0% used [0x00000000eb700000,0x00000000eb700000,0x00000000ebb00000)
 ParOldGen       total 119296K, used 118819K [0x00000000c0000000, 0x00000000c7480000, 0x00000000eab00000)
  object space 119296K, 99% used [0x00000000c0000000,0x00000000c7408d10,0x00000000c7480000)
 Metaspace       used 72383K, committed 73920K, reserved 1114112K
  class space    used 8772K, committed 9472K, reserved 1048576K
}
Event: 42.888 GC heap before
{Heap before GC invocations=70 (full 3):
 PSYoungGen      total 14336K, used 12941K [0x00000000eab00000, 0x00000000ebf00000, 0x0000000100000000)
  eden space 11264K, 90% used [0x00000000eab00000,0x00000000eb4eaae8,0x00000000eb600000)
  from space 3072K, 90% used [0x00000000ebc00000,0x00000000ebeb89f8,0x00000000ebf00000)
  to   space 4096K, 0% used [0x00000000eb700000,0x00000000eb700000,0x00000000ebb00000)
 ParOldGen       total 119296K, used 118819K [0x00000000c0000000, 0x00000000c7480000, 0x00000000eab00000)
  object space 119296K, 99% used [0x00000000c0000000,0x00000000c7408d10,0x00000000c7480000)
 Metaspace       used 72383K, committed 73920K, reserved 1114112K
  class space    used 8772K, committed 9472K, reserved 1048576K
}
Event: 42.890 GC heap after
{Heap after GC invocations=70 (full 3):
 PSYoungGen      total 14336K, used 2721K [0x00000000eab00000, 0x00000000ebc80000, 0x0000000100000000)
  eden space 11264K, 0% used [0x00000000eab00000,0x00000000eab00000,0x00000000eb600000)
  from space 3072K, 88% used [0x00000000eb700000,0x00000000eb9a8680,0x00000000eba00000)
  to   space 2560K, 0% used [0x00000000eba00000,0x00000000eba00000,0x00000000ebc80000)
 ParOldGen       total 121856K, used 121383K [0x00000000c0000000, 0x00000000c7700000, 0x00000000eab00000)
  object space 121856K, 99% used [0x00000000c0000000,0x00000000c7689ed0,0x00000000c7700000)
 Metaspace       used 72383K, committed 73920K, reserved 1114112K
  class space    used 8772K, committed 9472K, reserved 1048576K
}
Event: 42.923 GC heap before
{Heap before GC invocations=71 (full 3):
 PSYoungGen      total 14336K, used 13985K [0x00000000eab00000, 0x00000000ebc80000, 0x0000000100000000)
  eden space 11264K, 100% used [0x00000000eab00000,0x00000000eb600000,0x00000000eb600000)
  from space 3072K, 88% used [0x00000000eb700000,0x00000000eb9a8680,0x00000000eba00000)
  to   space 2560K, 0% used [0x00000000eba00000,0x00000000eba00000,0x00000000ebc80000)
 ParOldGen       total 121856K, used 121383K [0x00000000c0000000, 0x00000000c7700000, 0x00000000eab00000)
  object space 121856K, 99% used [0x00000000c0000000,0x00000000c7689ed0,0x00000000c7700000)
 Metaspace       used 72384K, committed 73920K, reserved 1114112K
  class space    used 8772K, committed 9472K, reserved 1048576K
}
Event: 42.926 GC heap after
{Heap after GC invocations=71 (full 3):
 PSYoungGen      total 13824K, used 2294K [0x00000000eab00000, 0x00000000ebc80000, 0x0000000100000000)
  eden space 11264K, 0% used [0x00000000eab00000,0x00000000eab00000,0x00000000eb600000)
  from space 2560K, 89% used [0x00000000eba00000,0x00000000ebc3db88,0x00000000ebc80000)
  to   space 2560K, 0% used [0x00000000eb780000,0x00000000eb780000,0x00000000eba00000)
 ParOldGen       total 125952K, used 125513K [0x00000000c0000000, 0x00000000c7b00000, 0x00000000eab00000)
  object space 125952K, 99% used [0x00000000c0000000,0x00000000c7a92430,0x00000000c7b00000)
 Metaspace       used 72384K, committed 73920K, reserved 1114112K
  class space    used 8772K, committed 9472K, reserved 1048576K
}
Event: 42.942 GC heap before
{Heap before GC invocations=72 (full 3):
 PSYoungGen      total 13824K, used 13558K [0x00000000eab00000, 0x00000000ebc80000, 0x0000000100000000)
  eden space 11264K, 100% used [0x00000000eab00000,0x00000000eb600000,0x00000000eb600000)
  from space 2560K, 89% used [0x00000000eba00000,0x00000000ebc3db88,0x00000000ebc80000)
  to   space 2560K, 0% used [0x00000000eb780000,0x00000000eb780000,0x00000000eba00000)
 ParOldGen       total 125952K, used 125513K [0x00000000c0000000, 0x00000000c7b00000, 0x00000000eab00000)
  object space 125952K, 99% used [0x00000000c0000000,0x00000000c7a92430,0x00000000c7b00000)
 Metaspace       used 72384K, committed 73920K, reserved 1114112K
  class space    used 8772K, committed 9472K, reserved 1048576K
}
Event: 42.944 GC heap after
{Heap after GC invocations=72 (full 3):
 PSYoungGen      total 13824K, used 2555K [0x00000000eab00000, 0x00000000ec100000, 0x0000000100000000)
  eden space 11264K, 0% used [0x00000000eab00000,0x00000000eab00000,0x00000000eb600000)
  from space 2560K, 99% used [0x00000000eb780000,0x00000000eb9fecd8,0x00000000eba00000)
  to   space 5632K, 0% used [0x00000000ebb80000,0x00000000ebb80000,0x00000000ec100000)
 ParOldGen       total 128000K, used 127733K [0x00000000c0000000, 0x00000000c7d00000, 0x00000000eab00000)
  object space 128000K, 99% used [0x00000000c0000000,0x00000000c7cbd410,0x00000000c7d00000)
 Metaspace       used 72384K, committed 73920K, reserved 1114112K
  class space    used 8772K, committed 9472K, reserved 1048576K
}
Event: 42.967 GC heap before
{Heap before GC invocations=73 (full 3):
 PSYoungGen      total 13824K, used 13819K [0x00000000eab00000, 0x00000000ec100000, 0x0000000100000000)
  eden space 11264K, 100% used [0x00000000eab00000,0x00000000eb600000,0x00000000eb600000)
  from space 2560K, 99% used [0x00000000eb780000,0x00000000eb9fecd8,0x00000000eba00000)
  to   space 5632K, 0% used [0x00000000ebb80000,0x00000000ebb80000,0x00000000ec100000)
 ParOldGen       total 128000K, used 127733K [0x00000000c0000000, 0x00000000c7d00000, 0x00000000eab00000)
  object space 128000K, 99% used [0x00000000c0000000,0x00000000c7cbd410,0x00000000c7d00000)
 Metaspace       used 72387K, committed 73920K, reserved 1114112K
  class space    used 8772K, committed 9472K, reserved 1048576K
}
Event: 42.969 GC heap after
{Heap after GC invocations=73 (full 3):
 PSYoungGen      total 14336K, used 2923K [0x00000000eab00000, 0x00000000ebe80000, 0x0000000100000000)
  eden space 11264K, 0% used [0x00000000eab00000,0x00000000eab00000,0x00000000eb600000)
  from space 3072K, 95% used [0x00000000ebb80000,0x00000000ebe5afb8,0x00000000ebe80000)
  to   space 4096K, 0% used [0x00000000eb680000,0x00000000eb680000,0x00000000eba80000)
 ParOldGen       total 130560K, used 130144K [0x00000000c0000000, 0x00000000c7f80000, 0x00000000eab00000)
  object space 130560K, 99% used [0x00000000c0000000,0x00000000c7f183b8,0x00000000c7f80000)
 Metaspace       used 72387K, committed 73920K, reserved 1114112K
  class space    used 8772K, committed 9472K, reserved 1048576K
}
Event: 42.994 GC heap before
{Heap before GC invocations=74 (full 3):
 PSYoungGen      total 14336K, used 14187K [0x00000000eab00000, 0x00000000ebe80000, 0x0000000100000000)
  eden space 11264K, 100% used [0x00000000eab00000,0x00000000eb600000,0x00000000eb600000)
  from space 3072K, 95% used [0x00000000ebb80000,0x00000000ebe5afb8,0x00000000ebe80000)
  to   space 4096K, 0% used [0x00000000eb680000,0x00000000eb680000,0x00000000eba80000)
 ParOldGen       total 130560K, used 130144K [0x00000000c0000000, 0x00000000c7f80000, 0x00000000eab00000)
  object space 130560K, 99% used [0x00000000c0000000,0x00000000c7f183b8,0x00000000c7f80000)
 Metaspace       used 72387K, committed 73920K, reserved 1114112K
  class space    used 8772K, committed 9472K, reserved 1048576K
}
Event: 42.995 GC heap after
{Heap after GC invocations=74 (full 3):
 PSYoungGen      total 14336K, used 2783K [0x00000000eab00000, 0x00000000ebc00000, 0x0000000100000000)
  eden space 11264K, 0% used [0x00000000eab00000,0x00000000eab00000,0x00000000eb600000)
  from space 3072K, 90% used [0x00000000eb680000,0x00000000eb937e78,0x00000000eb980000)
  to   space 2560K, 0% used [0x00000000eb980000,0x00000000eb980000,0x00000000ebc00000)
 ParOldGen       total 133120K, used 132708K [0x00000000c0000000, 0x00000000c8200000, 0x00000000eab00000)
  object space 133120K, 99% used [0x00000000c0000000,0x00000000c8199338,0x00000000c8200000)
 Metaspace       used 72387K, committed 73920K, reserved 1114112K
  class space    used 8772K, committed 9472K, reserved 1048576K
}
Event: 43.012 GC heap before
{Heap before GC invocations=75 (full 3):
 PSYoungGen      total 14336K, used 14047K [0x00000000eab00000, 0x00000000ebc00000, 0x0000000100000000)
  eden space 11264K, 100% used [0x00000000eab00000,0x00000000eb600000,0x00000000eb600000)
  from space 3072K, 90% used [0x00000000eb680000,0x00000000eb937e78,0x00000000eb980000)
  to   space 2560K, 0% used [0x00000000eb980000,0x00000000eb980000,0x00000000ebc00000)
 ParOldGen       total 133120K, used 132708K [0x00000000c0000000, 0x00000000c8200000, 0x00000000eab00000)
  object space 133120K, 99% used [0x00000000c0000000,0x00000000c8199338,0x00000000c8200000)
 Metaspace       used 72387K, committed 73920K, reserved 1114112K
  class space    used 8772K, committed 9472K, reserved 1048576K
}
Event: 43.014 GC heap after
{Heap after GC invocations=75 (full 3):
 PSYoungGen      total 11264K, used 2539K [0x00000000eab00000, 0x00000000ec200000, 0x0000000100000000)
  eden space 8704K, 0% used [0x00000000eab00000,0x00000000eab00000,0x00000000eb380000)
  from space 2560K, 99% used [0x00000000eb980000,0x00000000ebbfaf78,0x00000000ebc00000)
  to   space 6144K, 0% used [0x00000000eb380000,0x00000000eb380000,0x00000000eb980000)
 ParOldGen       total 135680K, used 135388K [0x00000000c0000000, 0x00000000c8480000, 0x00000000eab00000)
  object space 135680K, 99% used [0x00000000c0000000,0x00000000c8437100,0x00000000c8480000)
 Metaspace       used 72387K, committed 73920K, reserved 1114112K
  class space    used 8772K, committed 9472K, reserved 1048576K
}
Event: 43.038 GC heap before
{Heap before GC invocations=76 (full 3):
 PSYoungGen      total 11264K, used 11243K [0x00000000eab00000, 0x00000000ec200000, 0x0000000100000000)
  eden space 8704K, 100% used [0x00000000eab00000,0x00000000eb380000,0x00000000eb380000)
  from space 2560K, 99% used [0x00000000eb980000,0x00000000ebbfaf78,0x00000000ebc00000)
  to   space 6144K, 0% used [0x00000000eb380000,0x00000000eb380000,0x00000000eb980000)
 ParOldGen       total 135680K, used 135388K [0x00000000c0000000, 0x00000000c8480000, 0x00000000eab00000)
  object space 135680K, 99% used [0x00000000c0000000,0x00000000c8437100,0x00000000c8480000)
 Metaspace       used 72387K, committed 73920K, reserved 1114112K
  class space    used 8772K, committed 9472K, reserved 1048576K
}
Event: 43.040 GC heap after
{Heap after GC invocations=76 (full 3):
 PSYoungGen      total 10752K, used 2037K [0x00000000eab00000, 0x00000000eba80000, 0x0000000100000000)
  eden space 8704K, 0% used [0x00000000eab00000,0x00000000eab00000,0x00000000eb380000)
  from space 2048K, 99% used [0x00000000eb380000,0x00000000eb57d778,0x00000000eb580000)
  to   space 3584K, 0% used [0x00000000eb700000,0x00000000eb700000,0x00000000eba80000)
 ParOldGen       total 138240K, used 137765K [0x00000000c0000000, 0x00000000c8700000, 0x00000000eab00000)
  object space 138240K, 99% used [0x00000000c0000000,0x00000000c86896e0,0x00000000c8700000)
 Metaspace       used 72387K, committed 73920K, reserved 1114112K
  class space    used 8772K, committed 9472K, reserved 1048576K
}

Dll operation events (15 events):
Event: 0.004 Loaded shared library c:\Users\genna\.vscode\extensions\redhat.java-1.41.0-win32-x64\jre\21.0.6-win32-x86_64\bin\java.dll
Event: 0.033 Loaded shared library c:\Users\genna\.vscode\extensions\redhat.java-1.41.0-win32-x64\jre\21.0.6-win32-x86_64\bin\zip.dll
Event: 0.041 Loaded shared library C:\Users\genna\.vscode\extensions\redhat.java-1.41.0-win32-x64\jre\21.0.6-win32-x86_64\bin\instrument.dll
Event: 0.043 Loaded shared library C:\Users\genna\.vscode\extensions\redhat.java-1.41.0-win32-x64\jre\21.0.6-win32-x86_64\bin\net.dll
Event: 0.044 Loaded shared library C:\Users\genna\.vscode\extensions\redhat.java-1.41.0-win32-x64\jre\21.0.6-win32-x86_64\bin\nio.dll
Event: 0.046 Loaded shared library C:\Users\genna\.vscode\extensions\redhat.java-1.41.0-win32-x64\jre\21.0.6-win32-x86_64\bin\zip.dll
Event: 0.053 Loaded shared library C:\Users\genna\.vscode\extensions\redhat.java-1.41.0-win32-x64\jre\21.0.6-win32-x86_64\bin\jimage.dll
Event: 0.086 Loaded shared library c:\Users\genna\.vscode\extensions\redhat.java-1.41.0-win32-x64\jre\21.0.6-win32-x86_64\bin\verify.dll
Event: 2.010 Loaded shared library C:\Users\genna\AppData\Roaming\Code\User\globalStorage\redhat.java\1.41.0\config_win\org.eclipse.equinox.launcher\org.eclipse.equinox.launcher.win32.win32.x86_64_1.2.1300.v20250325-0811\eclipse_11911.dll
Event: 8.258 Loaded shared library C:\Users\genna\.vscode\extensions\redhat.java-1.41.0-win32-x64\jre\21.0.6-win32-x86_64\bin\management.dll
Event: 8.259 Loaded shared library C:\Users\genna\.vscode\extensions\redhat.java-1.41.0-win32-x64\jre\21.0.6-win32-x86_64\bin\management_ext.dll
Event: 8.873 Loaded shared library C:\Users\genna\AppData\Local\Temp\jna-98240771\jna7495753822710980351.dll
Event: 9.070 Loaded shared library C:\Users\genna\.vscode\extensions\redhat.java-1.41.0-win32-x64\jre\21.0.6-win32-x86_64\bin\sunmscapi.dll
Event: 9.156 Loaded shared library C:\Users\genna\.vscode\extensions\redhat.java-1.41.0-win32-x64\jre\21.0.6-win32-x86_64\bin\extnet.dll
Event: 20.670 Loaded shared library C:\Users\genna\.gradle\native\1def1411415f61bf3af743bc5b6707747c0891f09f0c88961ee8f79bc544acac\windows-amd64\native-platform.dll

Deoptimization events (20 events):
Event: 42.988 Thread 0x0000020a45137b30 DEOPT PACKING pc=0x0000020a6ac71312 sp=0x000000cd1d2fea20
Event: 42.988 Thread 0x0000020a45137b30 DEOPT UNPACKING pc=0x0000020a70ea4242 sp=0x000000cd1d2fdfb8 mode 0
Event: 42.993 Thread 0x0000020a45137b30 DEOPT PACKING pc=0x0000020a6ac71312 sp=0x000000cd1d2fea20
Event: 42.993 Thread 0x0000020a45137b30 DEOPT UNPACKING pc=0x0000020a70ea4242 sp=0x000000cd1d2fdfb8 mode 0
Event: 42.998 Thread 0x0000020a45137b30 DEOPT PACKING pc=0x0000020a6ac71312 sp=0x000000cd1d2fea20
Event: 42.998 Thread 0x0000020a45137b30 DEOPT UNPACKING pc=0x0000020a70ea4242 sp=0x000000cd1d2fdfb8 mode 0
Event: 43.001 Thread 0x0000020a45137b30 DEOPT PACKING pc=0x0000020a6ac71312 sp=0x000000cd1d2fea20
Event: 43.001 Thread 0x0000020a45137b30 DEOPT UNPACKING pc=0x0000020a70ea4242 sp=0x000000cd1d2fdfb8 mode 0
Event: 43.004 Thread 0x0000020a45137b30 DEOPT PACKING pc=0x0000020a6ac71312 sp=0x000000cd1d2fea20
Event: 43.004 Thread 0x0000020a45137b30 DEOPT UNPACKING pc=0x0000020a70ea4242 sp=0x000000cd1d2fdfb8 mode 0
Event: 43.009 Thread 0x0000020a45137b30 DEOPT PACKING pc=0x0000020a6ac71312 sp=0x000000cd1d2fea20
Event: 43.009 Thread 0x0000020a45137b30 DEOPT UNPACKING pc=0x0000020a70ea4242 sp=0x000000cd1d2fdfb8 mode 0
Event: 43.012 Thread 0x0000020a45137b30 DEOPT PACKING pc=0x0000020a6ac71312 sp=0x000000cd1d2fea20
Event: 43.012 Thread 0x0000020a45137b30 DEOPT UNPACKING pc=0x0000020a70ea4242 sp=0x000000cd1d2fdfb8 mode 0
Event: 43.024 Thread 0x0000020a45137b30 DEOPT PACKING pc=0x0000020a6ac71312 sp=0x000000cd1d2fea20
Event: 43.024 Thread 0x0000020a45137b30 DEOPT UNPACKING pc=0x0000020a70ea4242 sp=0x000000cd1d2fdfb8 mode 0
Event: 43.033 Thread 0x0000020a45137b30 DEOPT PACKING pc=0x0000020a6ac71312 sp=0x000000cd1d2fea20
Event: 43.033 Thread 0x0000020a45137b30 DEOPT UNPACKING pc=0x0000020a70ea4242 sp=0x000000cd1d2fdfb8 mode 0
Event: 43.042 Thread 0x0000020a45137b30 DEOPT PACKING pc=0x0000020a6ac71312 sp=0x000000cd1d2fea20
Event: 43.042 Thread 0x0000020a45137b30 DEOPT UNPACKING pc=0x0000020a70ea4242 sp=0x000000cd1d2fdfb8 mode 0

Classes loaded (20 events):
Event: 41.955 Loading class sun/nio/ch/FileChannelImpl$Unmapper done
Event: 41.955 Loading class sun/nio/ch/FileChannelImpl$DefaultUnmapper done
Event: 41.955 Loading class sun/nio/ch/Util$4
Event: 41.955 Loading class sun/nio/ch/Util$4 done
Event: 41.957 Loading class java/nio/file/ClosedDirectoryStreamException
Event: 41.957 Loading class java/nio/file/ClosedDirectoryStreamException done
Event: 41.957 Loading class jdk/internal/jrtfs/JrtFileSystem
Event: 41.957 Loading class jdk/internal/jrtfs/JrtFileSystem done
Event: 41.957 Loading class jdk/internal/jrtfs/JrtPath
Event: 41.958 Loading class jdk/internal/jrtfs/JrtPath done
Event: 41.958 Loading class jdk/internal/jimage/ImageReader$Node
Event: 41.958 Loading class jdk/internal/jimage/ImageReader$Node done
Event: 41.960 Loading class java/nio/ByteBufferAsIntBufferL
Event: 41.960 Loading class java/nio/ByteBufferAsIntBufferL done
Event: 41.961 Loading class jdk/internal/jimage/ImageReader$Directory
Event: 41.961 Loading class jdk/internal/jimage/ImageReader$Directory done
Event: 41.995 Loading class java/nio/channels/Channels$ReadableByteChannelImpl
Event: 41.995 Loading class java/nio/channels/Channels$ReadableByteChannelImpl done
Event: 41.995 Loading class java/nio/channels/NonWritableChannelException
Event: 41.995 Loading class java/nio/channels/NonWritableChannelException done

Classes unloaded (7 events):
Event: 8.528 Thread 0x0000020a7c189a80 Unloading class 0x0000020a01195400 'java/lang/invoke/LambdaForm$MH+0x0000020a01195400'
Event: 8.528 Thread 0x0000020a7c189a80 Unloading class 0x0000020a01195000 'java/lang/invoke/LambdaForm$MH+0x0000020a01195000'
Event: 8.528 Thread 0x0000020a7c189a80 Unloading class 0x0000020a01194c00 'java/lang/invoke/LambdaForm$MH+0x0000020a01194c00'
Event: 8.528 Thread 0x0000020a7c189a80 Unloading class 0x0000020a01194800 'java/lang/invoke/LambdaForm$MH+0x0000020a01194800'
Event: 8.528 Thread 0x0000020a7c189a80 Unloading class 0x0000020a01194400 'java/lang/invoke/LambdaForm$BMH+0x0000020a01194400'
Event: 8.528 Thread 0x0000020a7c189a80 Unloading class 0x0000020a01194000 'java/lang/invoke/LambdaForm$DMH+0x0000020a01194000'
Event: 8.528 Thread 0x0000020a7c189a80 Unloading class 0x0000020a01192c00 'java/lang/invoke/LambdaForm$DMH+0x0000020a01192c00'

Classes redefined (0 events):
No events

Internal exceptions (20 events):
Event: 41.408 Thread 0x0000020a451374a0 Exception <a 'sun/nio/fs/WindowsException'{0x00000000eb1b3b38}> (0x00000000eb1b3b38) 
thrown [s\src\hotspot\share\prims\jni.cpp, line 520]
Event: 41.411 Thread 0x0000020a451374a0 Exception <a 'java/io/FileNotFoundException'{0x00000000eb2bfc18}> (0x00000000eb2bfc18) 
thrown [s\src\hotspot\share\prims\jni.cpp, line 520]
Event: 41.416 Thread 0x0000020a451374a0 Exception <a 'sun/nio/fs/WindowsException'{0x00000000eb2da280}> (0x00000000eb2da280) 
thrown [s\src\hotspot\share\prims\jni.cpp, line 520]
Event: 41.417 Thread 0x0000020a451374a0 Exception <a 'sun/nio/fs/WindowsException'{0x00000000eb2df908}> (0x00000000eb2df908) 
thrown [s\src\hotspot\share\prims\jni.cpp, line 520]
Event: 41.955 Thread 0x0000020a45137b30 Implicit null exception at 0x0000020a71b7ae76 to 0x0000020a71b8503c
Event: 41.955 Thread 0x0000020a45137b30 Implicit null exception at 0x0000020a71893483 to 0x0000020a71893704
Event: 41.956 Thread 0x0000020a45137b30 Exception <a 'java/lang/NoSuchMethodError'{0x00000000eb760a80}: 'java.lang.Object java.lang.invoke.DelegatingMethodHandle$Holder.reinvoke_L(java.lang.Object, int, long, java.lang.Object, java.lang.Object, int, java.lang.Object)'> (0x00000000eb760a80) 
thrown [s\src\hotspot\share\interpreter\linkResolver.cpp, line 773]
Event: 42.139 Thread 0x0000020a45137b30 Implicit null exception at 0x0000020a71bb18da to 0x0000020a71bb19d8
Event: 42.571 Thread 0x0000020a48a71f10 Exception <a 'java/io/IOException'{0x00000000eb92a098}> (0x00000000eb92a098) 
thrown [s\src\hotspot\share\prims\jni.cpp, line 520]
Event: 42.573 Thread 0x0000020a48a71f10 Exception <a 'java/io/IOException'{0x00000000eb9884c0}> (0x00000000eb9884c0) 
thrown [s\src\hotspot\share\prims\jni.cpp, line 520]
Event: 42.573 Thread 0x0000020a48a71f10 Exception <a 'java/io/IOException'{0x00000000eb9896e0}> (0x00000000eb9896e0) 
thrown [s\src\hotspot\share\prims\jni.cpp, line 520]
Event: 42.574 Thread 0x0000020a48a71f10 Exception <a 'java/io/IOException'{0x00000000eb9e4a00}> (0x00000000eb9e4a00) 
thrown [s\src\hotspot\share\prims\jni.cpp, line 520]
Event: 42.583 Thread 0x0000020a48a6ea90 Implicit null exception at 0x0000020a71bcb22d to 0x0000020a71bcca54
Event: 42.600 Thread 0x0000020a45136780 Exception <a 'java/io/FileNotFoundException'{0x00000000eb9c4628}> (0x00000000eb9c4628) 
thrown [s\src\hotspot\share\prims\jni.cpp, line 520]
Event: 42.600 Thread 0x0000020a45136780 Exception <a 'java/io/FileNotFoundException'{0x00000000eb9c5638}> (0x00000000eb9c5638) 
thrown [s\src\hotspot\share\prims\jni.cpp, line 520]
Event: 42.600 Thread 0x0000020a45136780 Exception <a 'java/io/FileNotFoundException'{0x00000000eb9c63a8}> (0x00000000eb9c63a8) 
thrown [s\src\hotspot\share\prims\jni.cpp, line 520]
Event: 42.650 Thread 0x0000020a45136780 Exception <a 'sun/nio/fs/WindowsException'{0x00000000eb429b18}> (0x00000000eb429b18) 
thrown [s\src\hotspot\share\prims\jni.cpp, line 520]
Event: 42.650 Thread 0x0000020a45136780 Exception <a 'sun/nio/fs/WindowsException'{0x00000000eb42a4d8}> (0x00000000eb42a4d8) 
thrown [s\src\hotspot\share\prims\jni.cpp, line 520]
Event: 42.652 Thread 0x0000020a45136780 Exception <a 'sun/nio/fs/WindowsException'{0x00000000eb76d418}> (0x00000000eb76d418) 
thrown [s\src\hotspot\share\prims\jni.cpp, line 520]
Event: 42.652 Thread 0x0000020a45136780 Exception <a 'sun/nio/fs/WindowsException'{0x00000000eb76ddd8}> (0x00000000eb76ddd8) 
thrown [s\src\hotspot\share\prims\jni.cpp, line 520]

ZGC Phase Switch (0 events):
No events

VM Operations (20 events):
Event: 42.814 Executing VM operation: ParallelGCFailedAllocation (Allocation Failure)
Event: 42.815 Executing VM operation: ParallelGCFailedAllocation (Allocation Failure) done
Event: 42.836 Executing VM operation: ParallelGCFailedAllocation (Allocation Failure)
Event: 42.837 Executing VM operation: ParallelGCFailedAllocation (Allocation Failure) done
Event: 42.864 Executing VM operation: ParallelGCFailedAllocation (Allocation Failure)
Event: 42.865 Executing VM operation: ParallelGCFailedAllocation (Allocation Failure) done
Event: 42.888 Executing VM operation: ParallelGCFailedAllocation (Allocation Failure)
Event: 42.890 Executing VM operation: ParallelGCFailedAllocation (Allocation Failure) done
Event: 42.923 Executing VM operation: ParallelGCFailedAllocation (Allocation Failure)
Event: 42.926 Executing VM operation: ParallelGCFailedAllocation (Allocation Failure) done
Event: 42.942 Executing VM operation: ParallelGCFailedAllocation (Allocation Failure)
Event: 42.944 Executing VM operation: ParallelGCFailedAllocation (Allocation Failure) done
Event: 42.967 Executing VM operation: ParallelGCFailedAllocation (Allocation Failure)
Event: 42.969 Executing VM operation: ParallelGCFailedAllocation (Allocation Failure) done
Event: 42.994 Executing VM operation: ParallelGCFailedAllocation (Allocation Failure)
Event: 42.995 Executing VM operation: ParallelGCFailedAllocation (Allocation Failure) done
Event: 43.012 Executing VM operation: ParallelGCFailedAllocation (Allocation Failure)
Event: 43.014 Executing VM operation: ParallelGCFailedAllocation (Allocation Failure) done
Event: 43.038 Executing VM operation: ParallelGCFailedAllocation (Allocation Failure)
Event: 43.040 Executing VM operation: ParallelGCFailedAllocation (Allocation Failure) done

Memory protections (0 events):
No events

Nmethod flushes (20 events):
Event: 28.215 Thread 0x0000020a7c189a80 flushing  nmethod 0x0000020a6a339e10
Event: 28.215 Thread 0x0000020a7c189a80 flushing  nmethod 0x0000020a6a33be10
Event: 28.215 Thread 0x0000020a7c189a80 flushing  nmethod 0x0000020a6a33c510
Event: 28.215 Thread 0x0000020a7c189a80 flushing  nmethod 0x0000020a6a33d490
Event: 28.215 Thread 0x0000020a7c189a80 flushing  nmethod 0x0000020a6a33da90
Event: 28.215 Thread 0x0000020a7c189a80 flushing  nmethod 0x0000020a6a33e310
Event: 28.215 Thread 0x0000020a7c189a80 flushing  nmethod 0x0000020a6a33e690
Event: 28.215 Thread 0x0000020a7c189a80 flushing  nmethod 0x0000020a6a33fe10
Event: 28.215 Thread 0x0000020a7c189a80 flushing  nmethod 0x0000020a6a365110
Event: 28.215 Thread 0x0000020a7c189a80 flushing  nmethod 0x0000020a6a379e90
Event: 28.215 Thread 0x0000020a7c189a80 flushing  nmethod 0x0000020a6a383410
Event: 28.215 Thread 0x0000020a7c189a80 flushing  nmethod 0x0000020a6a3fab10
Event: 28.215 Thread 0x0000020a7c189a80 flushing  nmethod 0x0000020a6a416c10
Event: 28.215 Thread 0x0000020a7c189a80 flushing  nmethod 0x0000020a6a41f090
Event: 28.215 Thread 0x0000020a7c189a80 flushing  nmethod 0x0000020a6a41fb90
Event: 28.215 Thread 0x0000020a7c189a80 flushing  nmethod 0x0000020a6a420390
Event: 28.215 Thread 0x0000020a7c189a80 flushing  nmethod 0x0000020a6a421610
Event: 28.215 Thread 0x0000020a7c189a80 flushing  nmethod 0x0000020a6a43ec10
Event: 28.215 Thread 0x0000020a7c189a80 flushing  nmethod 0x0000020a6a43f090
Event: 28.215 Thread 0x0000020a7c189a80 flushing  nmethod 0x0000020a6a448c10

Events (20 events):
Event: 40.248 Thread 0x0000020a48053660 Thread exited: 0x0000020a48053660
Event: 40.261 Thread 0x0000020a7c2232e0 Thread exited: 0x0000020a7c2232e0
Event: 40.881 Thread 0x0000020a7c222c10 Thread exited: 0x0000020a7c222c10
Event: 41.081 Thread 0x0000020a7c221e70 Thread exited: 0x0000020a7c221e70
Event: 41.347 Thread 0x0000020a7c2254f0 Thread exited: 0x0000020a7c2254f0
Event: 41.426 Thread 0x0000020a7c224080 Thread added: 0x0000020a7c2254f0
Event: 41.426 Thread 0x0000020a7c224080 Thread added: 0x0000020a7c222c10
Event: 41.917 Thread 0x0000020a7c222c10 Thread exited: 0x0000020a7c222c10
Event: 41.917 Thread 0x0000020a7c2254f0 Thread exited: 0x0000020a7c2254f0
Event: 41.967 Thread 0x0000020a7c1b3e00 Thread added: 0x0000020a7c222c10
Event: 41.967 Thread 0x0000020a7c1b3e00 Thread added: 0x0000020a7c2232e0
Event: 41.969 Thread 0x0000020a7c1b3e00 Thread added: 0x0000020a7c2254f0
Event: 41.971 Thread 0x0000020a7c2232e0 Thread added: 0x0000020a7c221e70
Event: 42.044 Thread 0x0000020a7c1b3e00 Thread added: 0x0000020a4640ee50
Event: 42.061 Thread 0x0000020a7c224080 Thread added: 0x0000020a4640f520
Event: 42.067 Thread 0x0000020a7c224080 Thread added: 0x0000020a4640d9e0
Event: 42.211 Thread 0x0000020a7c1b3010 Thread added: 0x0000020a4640d310
Event: 42.211 Thread 0x0000020a7c1b3010 Thread added: 0x0000020a4640fbf0
Event: 42.583 Thread 0x0000020a48a6f7b0 Thread exited: 0x0000020a48a6f7b0
Event: 42.584 Thread 0x0000020a48a6ea90 Thread exited: 0x0000020a48a6ea90


Dynamic libraries:
0x00007ff6ec670000 - 0x00007ff6ec67e000 	c:\Users\genna\.vscode\extensions\redhat.java-1.41.0-win32-x64\jre\21.0.6-win32-x86_64\bin\java.exe
0x00007ffddec20000 - 0x00007ffddee83000 	C:\WINDOWS\SYSTEM32\ntdll.dll
0x00007ffddd870000 - 0x00007ffddd937000 	C:\WINDOWS\System32\KERNEL32.DLL
0x00007ffddc110000 - 0x00007ffddc4d9000 	C:\WINDOWS\System32\KERNELBASE.dll
0x00007ffddc830000 - 0x00007ffddc97c000 	C:\WINDOWS\System32\ucrtbase.dll
0x00007ffdd5c60000 - 0x00007ffdd5c78000 	c:\Users\genna\.vscode\extensions\redhat.java-1.41.0-win32-x64\jre\21.0.6-win32-x86_64\bin\jli.dll
0x00007ffdd3e30000 - 0x00007ffdd3e4e000 	c:\Users\genna\.vscode\extensions\redhat.java-1.41.0-win32-x64\jre\21.0.6-win32-x86_64\bin\VCRUNTIME140.dll
0x00007ffddd270000 - 0x00007ffddd43a000 	C:\WINDOWS\System32\USER32.dll
0x00007ffddc980000 - 0x00007ffddc9a7000 	C:\WINDOWS\System32\win32u.dll
0x00007ffdc5980000 - 0x00007ffdc5c10000 	C:\WINDOWS\WinSxS\amd64_microsoft.windows.common-controls_6595b64144ccf1df_6.0.26100.3323_none_3e088096e3344490\COMCTL32.dll
0x00007ffddeac0000 - 0x00007ffddeaea000 	C:\WINDOWS\System32\GDI32.dll
0x00007ffddd020000 - 0x00007ffddd0c9000 	C:\WINDOWS\System32\msvcrt.dll
0x00007ffddc6f0000 - 0x00007ffddc821000 	C:\WINDOWS\System32\gdi32full.dll
0x00007ffddc580000 - 0x00007ffddc623000 	C:\WINDOWS\System32\msvcp_win.dll
0x00007ffdde280000 - 0x00007ffdde2af000 	C:\WINDOWS\System32\IMM32.DLL
0x00007ffdd5d00000 - 0x00007ffdd5d0c000 	c:\Users\genna\.vscode\extensions\redhat.java-1.41.0-win32-x64\jre\21.0.6-win32-x86_64\bin\vcruntime140_1.dll
0x00007ffd811e0000 - 0x00007ffd8126d000 	c:\Users\genna\.vscode\extensions\redhat.java-1.41.0-win32-x64\jre\21.0.6-win32-x86_64\bin\msvcp140.dll
0x00007ffcd7bb0000 - 0x00007ffcd8940000 	c:\Users\genna\.vscode\extensions\redhat.java-1.41.0-win32-x64\jre\21.0.6-win32-x86_64\bin\server\jvm.dll
0x00007ffddd600000 - 0x00007ffddd6b2000 	C:\WINDOWS\System32\ADVAPI32.dll
0x00007ffddd7b0000 - 0x00007ffddd856000 	C:\WINDOWS\System32\sechost.dll
0x00007ffddd150000 - 0x00007ffddd266000 	C:\WINDOWS\System32\RPCRT4.dll
0x00007ffddd730000 - 0x00007ffddd7a4000 	C:\WINDOWS\System32\WS2_32.dll
0x00007ffddaa80000 - 0x00007ffddaace000 	C:\WINDOWS\SYSTEM32\POWRPROF.dll
0x00007ffdcf3a0000 - 0x00007ffdcf3d6000 	C:\WINDOWS\SYSTEM32\WINMM.dll
0x00007ffdd4500000 - 0x00007ffdd450b000 	C:\WINDOWS\SYSTEM32\VERSION.dll
0x00007ffddaa60000 - 0x00007ffddaa74000 	C:\WINDOWS\SYSTEM32\UMPDC.dll
0x00007ffddad20000 - 0x00007ffddad3a000 	C:\WINDOWS\SYSTEM32\kernel.appcore.dll
0x00007ffdc65d0000 - 0x00007ffdc65da000 	c:\Users\genna\.vscode\extensions\redhat.java-1.41.0-win32-x64\jre\21.0.6-win32-x86_64\bin\jimage.dll
0x00007ffdc8860000 - 0x00007ffdc8aa1000 	C:\WINDOWS\SYSTEM32\DBGHELP.DLL
0x00007ffdde6c0000 - 0x00007ffddea42000 	C:\WINDOWS\System32\combase.dll
0x00007ffddd980000 - 0x00007ffddda56000 	C:\WINDOWS\System32\OLEAUT32.dll
0x00007ffdc0ef0000 - 0x00007ffdc0f29000 	C:\WINDOWS\SYSTEM32\dbgcore.DLL
0x00007ffddc4e0000 - 0x00007ffddc579000 	C:\WINDOWS\System32\bcryptPrimitives.dll
0x00007ffdc65c0000 - 0x00007ffdc65cf000 	c:\Users\genna\.vscode\extensions\redhat.java-1.41.0-win32-x64\jre\21.0.6-win32-x86_64\bin\instrument.dll
0x00007ffdac160000 - 0x00007ffdac17f000 	c:\Users\genna\.vscode\extensions\redhat.java-1.41.0-win32-x64\jre\21.0.6-win32-x86_64\bin\java.dll
0x00007ffddda60000 - 0x00007ffdde175000 	C:\WINDOWS\System32\SHELL32.dll
0x00007ffddbe20000 - 0x00007ffddbf88000 	C:\WINDOWS\System32\wintypes.dll
0x00007ffdd9b00000 - 0x00007ffdda345000 	C:\WINDOWS\SYSTEM32\windows.storage.dll
0x00007ffddeaf0000 - 0x00007ffddebdb000 	C:\WINDOWS\System32\SHCORE.dll
0x00007ffddd5a0000 - 0x00007ffddd5fd000 	C:\WINDOWS\System32\shlwapi.dll
0x00007ffddbd30000 - 0x00007ffddbd5f000 	C:\WINDOWS\SYSTEM32\profapi.dll
0x00007ffda8c50000 - 0x00007ffda8c68000 	c:\Users\genna\.vscode\extensions\redhat.java-1.41.0-win32-x64\jre\21.0.6-win32-x86_64\bin\zip.dll
0x00007ffdbebb0000 - 0x00007ffdbebc0000 	C:\Users\genna\.vscode\extensions\redhat.java-1.41.0-win32-x64\jre\21.0.6-win32-x86_64\bin\net.dll
0x00007ffdd3ee0000 - 0x00007ffdd3ffe000 	C:\WINDOWS\SYSTEM32\WINHTTP.dll
0x00007ffddb270000 - 0x00007ffddb2da000 	C:\WINDOWS\system32\mswsock.dll
0x00007ffda0cf0000 - 0x00007ffda0d06000 	C:\Users\genna\.vscode\extensions\redhat.java-1.41.0-win32-x64\jre\21.0.6-win32-x86_64\bin\nio.dll
0x00007ffdb11b0000 - 0x00007ffdb11c0000 	c:\Users\genna\.vscode\extensions\redhat.java-1.41.0-win32-x64\jre\21.0.6-win32-x86_64\bin\verify.dll
0x00007ffd84cd0000 - 0x00007ffd84d15000 	C:\Users\genna\AppData\Roaming\Code\User\globalStorage\redhat.java\1.41.0\config_win\org.eclipse.equinox.launcher\org.eclipse.equinox.launcher.win32.win32.x86_64_1.2.1300.v20250325-0811\eclipse_11911.dll
0x00007ffdde2c0000 - 0x00007ffdde455000 	C:\WINDOWS\System32\ole32.dll
0x00007ffdaf450000 - 0x00007ffdaf45a000 	C:\Users\genna\.vscode\extensions\redhat.java-1.41.0-win32-x64\jre\21.0.6-win32-x86_64\bin\management.dll
0x00007ffdac230000 - 0x00007ffdac23b000 	C:\Users\genna\.vscode\extensions\redhat.java-1.41.0-win32-x64\jre\21.0.6-win32-x86_64\bin\management_ext.dll
0x00007ffddea50000 - 0x00007ffddea58000 	C:\WINDOWS\System32\PSAPI.DLL
0x00007ffddb510000 - 0x00007ffddb52c000 	C:\WINDOWS\SYSTEM32\CRYPTSP.dll
0x00007ffddac80000 - 0x00007ffddacba000 	C:\WINDOWS\system32\rsaenh.dll
0x00007ffddb310000 - 0x00007ffddb33b000 	C:\WINDOWS\SYSTEM32\USERENV.dll
0x00007ffddb750000 - 0x00007ffddb776000 	C:\WINDOWS\SYSTEM32\bcrypt.dll
0x00007ffddb530000 - 0x00007ffddb53c000 	C:\WINDOWS\SYSTEM32\CRYPTBASE.dll
0x00007ffdda6b0000 - 0x00007ffdda6e3000 	C:\WINDOWS\SYSTEM32\IPHLPAPI.DLL
0x00007ffddd860000 - 0x00007ffddd86a000 	C:\WINDOWS\System32\NSI.dll
0x00007ffd83680000 - 0x00007ffd836c9000 	C:\Users\genna\AppData\Local\Temp\jna-98240771\jna7495753822710980351.dll
0x00007ffdd3a40000 - 0x00007ffdd3a5f000 	C:\WINDOWS\SYSTEM32\dhcpcsvc6.DLL
0x00007ffdd3a10000 - 0x00007ffdd3a35000 	C:\WINDOWS\SYSTEM32\dhcpcsvc.DLL
0x00007ffdab030000 - 0x00007ffdab03e000 	C:\Users\genna\.vscode\extensions\redhat.java-1.41.0-win32-x64\jre\21.0.6-win32-x86_64\bin\sunmscapi.dll
0x00007ffddbf90000 - 0x00007ffddc107000 	C:\WINDOWS\System32\CRYPT32.dll
0x00007ffddb710000 - 0x00007ffddb740000 	C:\WINDOWS\SYSTEM32\ncrypt.dll
0x00007ffddb6c0000 - 0x00007ffddb6ff000 	C:\WINDOWS\SYSTEM32\NTASN1.dll
0x00007ffdda740000 - 0x00007ffdda865000 	C:\WINDOWS\SYSTEM32\DNSAPI.dll
0x00000000739a0000 - 0x00000000739c6000 	C:\Program Files\Bonjour\mdnsNSP.dll
0x00007ffdd5620000 - 0x00007ffdd562b000 	C:\Windows\System32\rasadhlp.dll
0x00007ffdd3140000 - 0x00007ffdd31c5000 	C:\WINDOWS\System32\fwpuclnt.dll
0x00007ffda6670000 - 0x00007ffda6679000 	C:\Users\genna\.vscode\extensions\redhat.java-1.41.0-win32-x64\jre\21.0.6-win32-x86_64\bin\extnet.dll
0x00007ffd872a0000 - 0x00007ffd872c7000 	C:\Users\genna\.gradle\native\1def1411415f61bf3af743bc5b6707747c0891f09f0c88961ee8f79bc544acac\windows-amd64\native-platform.dll
0x00007ffdd6d40000 - 0x00007ffdd6d48000 	C:\WINDOWS\system32\wshunix.dll

dbghelp: loaded successfully - version: 4.0.5 - missing functions: none
symbol engine: initialized successfully - sym options: 0x614 - pdb path: .;c:\Users\genna\.vscode\extensions\redhat.java-1.41.0-win32-x64\jre\21.0.6-win32-x86_64\bin;C:\WINDOWS\SYSTEM32;C:\WINDOWS\WinSxS\amd64_microsoft.windows.common-controls_6595b64144ccf1df_6.0.26100.3323_none_3e088096e3344490;c:\Users\genna\.vscode\extensions\redhat.java-1.41.0-win32-x64\jre\21.0.6-win32-x86_64\bin\server;C:\Users\genna\AppData\Roaming\Code\User\globalStorage\redhat.java\1.41.0\config_win\org.eclipse.equinox.launcher\org.eclipse.equinox.launcher.win32.win32.x86_64_1.2.1300.v20250325-0811;C:\Users\genna\AppData\Local\Temp\jna-98240771;C:\Program Files\Bonjour;C:\Users\genna\.gradle\native\1def1411415f61bf3af743bc5b6707747c0891f09f0c88961ee8f79bc544acac\windows-amd64

VM Arguments:
jvm_args: --add-modules=ALL-SYSTEM --add-opens=java.base/java.util=ALL-UNNAMED --add-opens=java.base/java.lang=ALL-UNNAMED --add-opens=java.base/sun.nio.fs=ALL-UNNAMED -Declipse.application=org.eclipse.jdt.ls.core.id1 -Dosgi.bundles.defaultStartLevel=4 -Declipse.product=org.eclipse.jdt.ls.core.product -Djava.import.generatesMetadataFilesAtProjectRoot=false -DDetectVMInstallationsJob.disabled=true -Dfile.encoding=utf8 -XX:+UseParallelGC -XX:GCTimeRatio=4 -XX:AdaptiveSizePolicyWeight=90 -Dsun.zip.disableMemoryMapping=true -Xmx1G -Xms100m -Xlog:disable -javaagent:c:\Users\genna\.vscode\extensions\redhat.java-1.41.0-win32-x64\lombok\lombok-1.18.36.jar -XX:+HeapDumpOnOutOfMemoryError -XX:HeapDumpPath=c:\Users\genna\AppData\Roaming\Code\User\workspaceStorage\847631cda39ae9b7a7fedeaf749f527b\redhat.java -Daether.dependencyCollector.impl=bf 
java_command: c:\Users\genna\.vscode\extensions\redhat.java-1.41.0-win32-x64\server\plugins\org.eclipse.equinox.launcher_1.6.1100.v20250306-0509.jar -configuration c:\Users\genna\AppData\Roaming\Code\User\globalStorage\redhat.java\1.41.0\config_win -data c:\Users\genna\AppData\Roaming\Code\User\workspaceStorage\847631cda39ae9b7a7fedeaf749f527b\redhat.java\jdt_ws --pipe=\\.\pipe\lsp-deea7de3167f53f945b6f9f0ac62e485-sock
java_class_path (initial): c:\Users\genna\.vscode\extensions\redhat.java-1.41.0-win32-x64\server\plugins\org.eclipse.equinox.launcher_1.6.1100.v20250306-0509.jar
Launcher Type: SUN_STANDARD

[Global flags]
    uintx AdaptiveSizePolicyWeight                 = 90                                        {product} {command line}
     intx CICompilerCount                          = 12                                        {product} {ergonomic}
    uintx GCTimeRatio                              = 4                                         {product} {command line}
     bool HeapDumpOnOutOfMemoryError               = true                                   {manageable} {command line}
    ccstr HeapDumpPath                             = c:\Users\genna\AppData\Roaming\Code\User\workspaceStorage\847631cda39ae9b7a7fedeaf749f527b\redhat.java         {manageable} {command line}
   size_t InitialHeapSize                          = 104857600                                 {product} {command line}
   size_t MaxHeapSize                              = 1073741824                                {product} {command line}
   size_t MaxNewSize                               = 357564416                                 {product} {ergonomic}
   size_t MinHeapDeltaBytes                        = 524288                                    {product} {ergonomic}
   size_t MinHeapSize                              = 104857600                                 {product} {command line}
   size_t NewSize                                  = 34603008                                  {product} {ergonomic}
    uintx NonNMethodCodeHeapSize                   = 7602480                                {pd product} {ergonomic}
    uintx NonProfiledCodeHeapSize                  = 122027880                              {pd product} {ergonomic}
   size_t OldSize                                  = 70254592                                  {product} {ergonomic}
    uintx ProfiledCodeHeapSize                     = 122027880                              {pd product} {ergonomic}
    uintx ReservedCodeCacheSize                    = 251658240                              {pd product} {ergonomic}
     bool SegmentedCodeCache                       = true                                      {product} {ergonomic}
   size_t SoftMaxHeapSize                          = 1073741824                             {manageable} {ergonomic}
     bool UseCompressedOops                        = true                           {product lp64_product} {ergonomic}
     bool UseLargePagesIndividualAllocation        = false                                  {pd product} {ergonomic}
     bool UseParallelGC                            = true                                      {product} {command line}

Logging:
Log output configuration:
 #0: stdout all=off uptime,level,tags foldmultilines=false
 #1: stderr all=off uptime,level,tags foldmultilines=false

Environment Variables:
PATH=C:\Python313\Scripts\;C:\Python313\;C:\Program Files\Eclipse Adoptium\jdk-21.0.6.7-hotspot\bin;C:\Program Files (x86)\Common Files\Oracle\Java\java8path;C:\Program Files (x86)\Common Files\Oracle\Java\javapath;C:\windows\system32;C:\windows;C:\windows\System32\Wbem;C:\windows\System32\WindowsPowerShell\v1.0\;C:\windows\System32\OpenSSH\;C:\Program Files (x86)\NVIDIA Corporation\PhysX\Common;C:\Program Files\Git\cmd;C:\Program Files\dotnet\;C:\WINDOWS\system32;C:\WINDOWS;C:\WINDOWS\System32\Wbem;C:\WINDOWS\System32\WindowsPowerShell\v1.0\;C:\WINDOWS\System32\OpenSSH\;C:\Program Files\NVIDIA Corporation\NVIDIA app\NvDLISR;C:\Program Files\nodejs\;C:\ProgramData\chocolatey\bin;C:\Program Files\MySQL\MySQL Shell 8.0\bin\;C:\Users\genna\AppData\Local\Microsoft\WindowsApps;C:\Users\genna\AppData\Local\Programs\Microsoft VS Code\bin;C:\Users\genna\AppData\Local\GitHubDesktop\bin;C:\Users\genna\AppData\Roaming\npm
USERNAME=genna
OS=Windows_NT
PROCESSOR_IDENTIFIER=Intel64 Family 6 Model 151 Stepping 2, GenuineIntel
TMP=C:\Users\genna\AppData\Local\Temp
TEMP=C:\Users\genna\AppData\Local\Temp




Periodic native trim disabled

---------------  S Y S T E M  ---------------

OS:
 Windows 11 , 64 bit Build 26100 (10.0.26100.3323)
OS uptime: 6 days 0:16 hours
Hyper-V role detected

CPU: total 24 (initial active 24) (12 cores per cpu, 2 threads per core) family 6 model 151 stepping 2 microcode 0x12, cx8, cmov, fxsr, ht, mmx, 3dnowpref, sse, sse2, sse3, ssse3, sse4.1, sse4.2, popcnt, lzcnt, tsc, tscinvbit, avx, avx2, aes, erms, clmul, bmi1, bmi2, adx, sha, fma, vzeroupper, clflush, clflushopt, clwb, hv, serialize, rdtscp, rdpid, fsrm, f16c, cet_ibt, cet_ss
Processor Information for processor 0
  Max Mhz: 3187, Current Mhz: 3187, Mhz Limit: 3187
Processor Information for processor 1
  Max Mhz: 3187, Current Mhz: 3187, Mhz Limit: 3187
Processor Information for processor 2
  Max Mhz: 3187, Current Mhz: 3187, Mhz Limit: 3187
Processor Information for processor 3
  Max Mhz: 3187, Current Mhz: 3187, Mhz Limit: 3187
Processor Information for processor 4
  Max Mhz: 3187, Current Mhz: 3187, Mhz Limit: 3187
Processor Information for processor 5
  Max Mhz: 3187, Current Mhz: 3187, Mhz Limit: 3187
Processor Information for processor 6
  Max Mhz: 3187, Current Mhz: 3187, Mhz Limit: 3187
Processor Information for processor 7
  Max Mhz: 3187, Current Mhz: 3187, Mhz Limit: 3187
Processor Information for processor 8
  Max Mhz: 3187, Current Mhz: 3187, Mhz Limit: 3187
Processor Information for processor 9
  Max Mhz: 3187, Current Mhz: 3187, Mhz Limit: 3187
Processor Information for processor 10
  Max Mhz: 3187, Current Mhz: 3187, Mhz Limit: 3187
Processor Information for processor 11
  Max Mhz: 3187, Current Mhz: 3187, Mhz Limit: 3187
Processor Information for processor 12
  Max Mhz: 3187, Current Mhz: 3187, Mhz Limit: 3187
Processor Information for processor 13
  Max Mhz: 3187, Current Mhz: 3187, Mhz Limit: 3187
Processor Information for processor 14
  Max Mhz: 3187, Current Mhz: 3187, Mhz Limit: 3187
Processor Information for processor 15
  Max Mhz: 3187, Current Mhz: 3187, Mhz Limit: 3187
Processor Information for processor 16
  Max Mhz: 3187, Current Mhz: 2390, Mhz Limit: 2390
Processor Information for processor 17
  Max Mhz: 3187, Current Mhz: 2390, Mhz Limit: 2390
Processor Information for processor 18
  Max Mhz: 3187, Current Mhz: 2390, Mhz Limit: 2390
Processor Information for processor 19
  Max Mhz: 3187, Current Mhz: 2390, Mhz Limit: 2390
Processor Information for processor 20
  Max Mhz: 3187, Current Mhz: 2390, Mhz Limit: 2390
Processor Information for processor 21
  Max Mhz: 3187, Current Mhz: 2390, Mhz Limit: 2390
Processor Information for processor 22
  Max Mhz: 3187, Current Mhz: 2390, Mhz Limit: 2390
Processor Information for processor 23
  Max Mhz: 3187, Current Mhz: 2390, Mhz Limit: 2390

Memory: 4k page, system-wide physical 32474M (15747M free)
TotalPageFile size 41690M (AvailPageFile size 11772M)
current process WorkingSet (physical memory assigned to process): 500M, peak: 500M
current process commit charge ("private bytes"): 535M, peak: 539M

vm_info: OpenJDK 64-Bit Server VM (21.0.6+7-LTS) for windows-amd64 JRE (21.0.6+7-LTS), built on 2025-01-21T00:00:00Z by "admin" with MS VC++ 17.7 (VS2022)

END.
